#
# A fatal error has been detected by the Java Runtime Environment:
#
#  Internal Error (jvmciRuntime.cpp:1609), pid=21, tid=42
#  fatal error: Fatal exception in JVMCI: Error calling jdk.vm.ci.services.Services.serializeSavedProperties
#
# JRE version: OpenJDK Runtime Environment GraalVM CE 22.3.0 (17.0.5+8) (build 17.0.5+8-jvmci-22.3-b08)
# Java VM: OpenJDK 64-Bit Server VM GraalVM CE 22.3.0 (17.0.5+8-jvmci-22.3-b08, mixed mode, sharing, tiered, jvmci, jvmci compiler, compressed oops, compressed class ptrs, parallel gc, linux-amd64)
# Problematic frame:
# V  [libjvm.so+0x972714]  JVMCIRuntime::fatal_exception(JVMCIEnv*, char const*)+0x74
#
# Core dump will be written. Default location: Core dumps may be processed with "/usr/share/apport/apport -p%p -s%s -c%c -d%d -P%P -u%u -g%g -- %E" (or dumping to /home/runner/Lab-8-Arrays-1-COSC131/core.21)
#
# If you would like to submit a bug report, please visit:
#   https://github.com/oracle/graal/issues
#

---------------  S U M M A R Y ------------

Command Line: -XX:ThreadPriorityPolicy=1 -XX:+UnlockExperimentalVMOptions -XX:+EnableJVMCIProduct -XX:JVMCIThreadsPerNativeLibraryRuntime=1 -XX:-UnlockExperimentalVMOptions -Declipse.application=org.eclipse.jdt.ls.core.id1 -Dosgi.bundles.defaultStartLevel=4 -Declipse.product=org.eclipse.jdt.ls.core.product -Dlog.level=ALL -Xverify:none -XX:+UseParallelGC -XX:GCTimeRatio=4 -XX:AdaptiveSizePolicyWeight=90 -Dsun.zip.disableMemoryMapping=true -Xmx512m -Xms100m /nix/store/a7s9klvriqi68xz3qjc0qyfl5h86xc16-jdt-language-server-1.9.0/share/java/plugins/org.eclipse.equinox.launcher_1.6.400.v20210924-0641.jar --add-modules=ALL-SYSTEM --add-opens java.base/java.util=ALL-UNNAMED --add-opens java.base/java.lang=ALL-UNNAMED -configuration /home/runner/.cache/jdt-language-server/config -data /home/runner/.cache/jdt-language-server/data/home/runner/Lab-8-Arrays-1-COSC131

Host: Intel(R) Xeon(R) CPU @ 2.20GHz, 16 cores, 3G, Ubuntu 20.04.2 LTS
Time: Sun Oct  1 12:10:38 2023 UTC elapsed time: 93.512757 seconds (0d 0h 1m 33s)

---------------  T H R E A D  ---------------

Current thread (0x00007f0c840d2d30):  JavaThread "JVMCI-native CompilerThread0" daemon [_thread_in_vm, id=42, stack(0x00007f0c69048000,0x00007f0c69248000)]


Current CompileTask:
JVMCI-native:  93512 8316       4       java.lang.Thread::interrupted (23 bytes)

Stack: [0x00007f0c69048000,0x00007f0c69248000],  sp=0x00007f0c69246380,  free space=2040k
Native frames: (J=compiled Java code, j=interpreted, Vv=VM code, C=native code)
V  [libjvm.so+0x972714]  JVMCIRuntime::fatal_exception(JVMCIEnv*, char const*)+0x74
V  [libjvm.so+0x93e2fe]  JVMCIEnv::copy_saved_properties()+0x14e
V  [libjvm.so+0x9732a9]  JVMCIRuntime::initialize(JVMCIEnv*)+0xb19
V  [libjvm.so+0x9738a2]  JVMCIRuntime::get_HotSpotJVMCIRuntime(JVMCIEnv*)+0x12
V  [libjvm.so+0x9749f2]  JVMCIRuntime::compile_method(JVMCIEnv*, JVMCICompiler*, methodHandle const&, int)+0xd2
V  [libjvm.so+0x5b0d20]  CompileBroker::invoke_compiler_on_method(CompileTask*)+0x1470
V  [libjvm.so+0x5b12e8]  CompileBroker::compiler_thread_loop()+0x528
V  [libjvm.so+0xd82460]  JavaThread::thread_main_inner()+0xd0
V  [libjvm.so+0xd85a40]  Thread::call_run()+0xc0
V  [libjvm.so+0xbdb1e1]  thread_native_entry(Thread*)+0xe1

Register to memory mapping:

RAX=0x00007f0c89079000 points into unknown readable memory: 0x0000000000000058 | 58 00 00 00 00 00 00 00
RBX=0x00007f0c8a174398: <offset 0x0000000000ef5398> in /nix/store/gpxl5qgg8kicmcvivwmybwjlpf7wh20l-graalvm17-ce-22.3.0/lib/server/libjvm.so at 0x00007f0c8927f000
RCX=0x00007f0c8a12c1e8: <offset 0x0000000000ead1e8> in /nix/store/gpxl5qgg8kicmcvivwmybwjlpf7wh20l-graalvm17-ce-22.3.0/lib/server/libjvm.so at 0x00007f0c8927f000
RDX=0x0000000000000649 is an unknown value
RSP=0x00007f0c69246380 is pointing into the stack for thread: 0x00007f0c840d2d30
RBP=0x00007f0c692463a0 is pointing into the stack for thread: 0x00007f0c840d2d30
RSI=0x00007f0c8a174c48: <offset 0x0000000000ef5c48> in /nix/store/gpxl5qgg8kicmcvivwmybwjlpf7wh20l-graalvm17-ce-22.3.0/lib/server/libjvm.so at 0x00007f0c8927f000
RDI=0x00000000e0000000 is an oop: java.lang.String 
{0x00000000e0000000} - klass: 'java/lang/String'
 - string: "class configured for "
R8 =0x00007f0c8a174398: <offset 0x0000000000ef5398> in /nix/store/gpxl5qgg8kicmcvivwmybwjlpf7wh20l-graalvm17-ce-22.3.0/lib/server/libjvm.so at 0x00007f0c8927f000
R9 =0x00007f0c69246330 is pointing into the stack for thread: 0x00007f0c840d2d30
R10=0x00007f0c69247948 is pointing into the stack for thread: 0x00007f0c840d2d30
R11=0x0000000000000293 is an unknown value
R12=0x0 is NULL
R13=0x00007f0c840d2d30 is a thread
R14=0x00007f0c84000b80 points into unknown readable memory: 0x00007f0c8a3a5a38 | 38 5a 3a 8a 0c 7f 00 00
R15=0x00007f0c8a4b3e40: <offset 0x0000000001234e40> in /nix/store/gpxl5qgg8kicmcvivwmybwjlpf7wh20l-graalvm17-ce-22.3.0/lib/server/libjvm.so at 0x00007f0c8927f000


Registers:
RAX=0x00007f0c89079000, RBX=0x00007f0c8a174398, RCX=0x00007f0c8a12c1e8, RDX=0x0000000000000649
RSP=0x00007f0c69246380, RBP=0x00007f0c692463a0, RSI=0x00007f0c8a174c48, RDI=0x00000000e0000000
R8 =0x00007f0c8a174398, R9 =0x00007f0c69246330, R10=0x00007f0c69247948, R11=0x0000000000000293
R12=0x0000000000000000, R13=0x00007f0c840d2d30, R14=0x00007f0c84000b80, R15=0x00007f0c8a4b3e40
RIP=0x00007f0c89bf1714, EFLAGS=0x0000000000010206, CSGSFS=0x002b000000000033, ERR=0x0000000000000006
  TRAPNO=0x000000000000000e

Top of Stack: (sp=0x00007f0c69246380)
0x00007f0c69246380:   00007f0c69246940 00007f0c840d2d30
0x00007f0c69246390:   00007f0c88a0c388 0000000800c41c18
0x00007f0c692463a0:   00007f0c69246500 00007f0c89bbd2fe
0x00007f0c692463b0:   00007f0c692463e0 00007f0c69246440 

Instructions: (pc=0x00007f0c89bf1714)
0x00007f0c89bf1614:   30 e8 f6 cf e8 ff 4c 89 e7 e8 2e 48 d1 ff 84 db
0x00007f0c89bf1624:   75 2a 4d 85 ed 74 04 4d 8b 6d 00 48 83 c4 08 44
0x00007f0c89bf1634:   89 f9 4c 89 f2 4c 89 ee 5b 4c 89 e7 41 5c 41 5d
0x00007f0c89bf1644:   41 5e 41 5f 5d e9 e2 47 d1 ff 66 90 48 83 c4 08
0x00007f0c89bf1654:   5b 41 5c 41 5d 41 5e 41 5f 5d c3 90 31 d2 be 08
0x00007f0c89bf1664:   00 00 00 4c 89 ff e8 b1 78 a3 ff 49 89 c5 e9 37
0x00007f0c89bf1674:   ff ff ff 66 0f 1f 84 00 00 00 00 00 48 8b 7a 08
0x00007f0c89bf1684:   e9 6d ff ff ff 0f 1f 80 00 00 00 00 e8 5b 48 0a
0x00007f0c89bf1694:   00 84 c0 75 89 e9 6a ff ff ff 66 90 55 48 89 e5
0x00007f0c89bf16a4:   41 56 41 55 41 54 49 89 fc 53 48 89 f3 66 48 8d
0x00007f0c89bf16b4:   3d 27 5e 85 00 66 66 48 e8 df 43 8d ff 4c 8b 28
0x00007f0c89bf16c4:   8b 05 be 72 8a 00 85 c0 75 14 ba 01 00 00 00 48
0x00007f0c89bf16d4:   8d 0d ae 72 8a 00 f0 0f b1 11 85 c0 74 4e be c8
0x00007f0c89bf16e4:   00 00 00 4c 89 ef e8 01 0b 41 00 48 8d 05 12 ac
0x00007f0c89bf16f4:   85 00 49 89 d8 48 8d 0d e8 aa 53 00 ba 49 06 00
0x00007f0c89bf1704:   00 48 8d 35 3c 35 58 00 bf 00 00 00 e0 48 8b 00
0x00007f0c89bf1714:   c6 00 58 31 c0 e8 e2 91 c6 ff 5b 41 5c 41 5d 41
0x00007f0c89bf1724:   5e 5d e9 55 34 26 00 0f 1f 44 00 00 48 8d 05 81
0x00007f0c89bf1734:   a3 8b 00 48 89 df 4c 8b 30 e8 9e 43 8d ff 48 89
0x00007f0c89bf1744:   de 48 89 c2 49 8b 06 4c 89 f7 ff 50 08 4c 89 f7
0x00007f0c89bf1754:   e8 a7 5c 27 00 4d 85 e4 74 12 be 01 00 00 00 4c
0x00007f0c89bf1764:   89 e7 e8 35 43 fc ff eb 82 0f 1f 00 be 01 00 00
0x00007f0c89bf1774:   00 4c 89 ef e8 d3 fd ff ff e9 6d ff ff ff 66 66
0x00007f0c89bf1784:   2e 0f 1f 84 00 00 00 00 00 0f 1f 00 55 48 89 e5
0x00007f0c89bf1794:   41 57 41 56 41 55 41 54 53 48 81 ec 08 02 00 00
0x00007f0c89bf17a4:   64 48 8b 04 25 28 00 00 00 48 89 45 c8 8b 07 83
0x00007f0c89bf17b4:   f8 02 0f 84 11 04 00 00 4c 8b 6f 18 49 89 ff 49
0x00007f0c89bf17c4:   89 f4 4d 85 ed 74 14 4c 89 ef e8 5d 57 22 00 41
0x00007f0c89bf17d4:   8b 07 83 f8 02 0f 84 19 04 00 00 48 8d 1d 9a 06
0x00007f0c89bf17e4:   8a 00 4c 8d 35 0b 3c 58 00 eb 38 90 48 85 d2 7f
0x00007f0c89bf17f4:   0d 48 8d 05 b4 c0 85 00 48 83 38 00 7e 0e 41 8b
0x00007f0c89bf1804:   77 2c 4c 89 f7 31 c0 e8 a0 b2 f7 ff 49 8b 7f 18 


Stack slot to memory mapping:
stack at sp + 0 slots: 0x00007f0c69246940 is pointing into the stack for thread: 0x00007f0c840d2d30
stack at sp + 1 slots: 0x00007f0c840d2d30 is a thread
stack at sp + 2 slots: 0x00007f0c88a0c388 points into unknown readable memory: 0x657300189fdcffff | ff ff dc 9f 18 00 73 65
stack at sp + 3 slots: 0x0000000800c41c18 is a pointer to class: 
jdk.vm.ci.services.Services {0x0000000800c41c18}
 - instance size:     2
 - klass size:        65
 - access:            public final synchronized 
 - state:             fully_initialized
 - name:              'jdk/vm/ci/services/Services'
 - super:             'java/lang/Object'
 - sub:               
 - arrays:            NULL
 - methods:           Array<T>(0x00007f0c69c4c928)
 - method ordering:   Array<T>(0x0000000800928960)
 - default_methods:   Array<T>(0x0000000000000000)
 - local interfaces:  Array<T>(0x00000008005ce810)
 - trans. interfaces: Array<T>(0x00000008005ce810)
 - constants:         constant pool [427] {0x00007f0c69c4a9b0} for 'jdk/vm/ci/services/Services' cache=0x00007f0c69c4dbf8
 - class loader data:  loader data: 0x00007f0c84027cc0 of 'bootstrap'
 - source file:       'Services.java'
 - class annotations:       Array<T>(0x0000000000000000)
 - class type annotations:  Array<T>(0x0000000000000000)
 - field annotations:       Array<T>(0x0000000000000000)
 - field type annotations:  Array<T>(0x0000000000000000)
 - inner classes:     Array<T>(0x00007f0c69c4dbc8)
 - nest members:     Array<T>(0x00007f0c69c4dbe8)
 - permitted subclasses:     Array<T>(0x00000008005ce7a0)
 - java mirror:       a 'java/lang/Class'{0x00000000e0437118} = 'jdk/vm/ci/services/Services'
 - vtable length      5  (start addr: 0x0000000800c41de8)
 - itable length      2 (start addr: 0x0000000800c41e10)
 - ---- static fields (3 words):
 - public static final 'IS_BUILDING_NATIVE_IMAGE' 'Z' @128 
 - public static final 'IS_IN_NATIVE_IMAGE' 'Z' @129 
 - private static volatile 'savedProperties' 'Ljava/util/Map;' @112 
 - static final 'JVMCI_ENABLED' 'Z' @130 
 - private static final 'servicesCache' 'Ljava/util/Map;' @116 
 - private static final 'MAX_UNICODE_IN_UTF8_LENGTH' 'I' @120 
 - private static final 'MAX_UTF8_PROPERTY_STRING_LENGTH' 'I' @124 
 - ---- non-static fields (0 words):
 - non-static oop maps: 
stack at sp + 4 slots: 0x00007f0c69246500 is pointing into the stack for thread: 0x00007f0c840d2d30
stack at sp + 5 slots: 0x00007f0c89bbd2fe: <offset 0x000000000093e2fe> in /nix/store/gpxl5qgg8kicmcvivwmybwjlpf7wh20l-graalvm17-ce-22.3.0/lib/server/libjvm.so at 0x00007f0c8927f000
stack at sp + 6 slots: 0x00007f0c692463e0 is pointing into the stack for thread: 0x00007f0c840d2d30
stack at sp + 7 slots: 0x00007f0c69246440 is pointing into the stack for thread: 0x00007f0c840d2d30


---------------  P R O C E S S  ---------------

Threads class SMR info:
_java_thread_list=0x00007f0bb4000b70, length=28, elements={
0x00007f0c84025f60, 0x00007f0c840c7020, 0x00007f0c840c8460, 0x00007f0c840ceba0,
0x00007f0c840cff50, 0x00007f0c840d1340, 0x00007f0c840d2d30, 0x00007f0c840d4240,
0x00007f0c840d5690, 0x00007f0c84100870, 0x00007f0c84148dd0, 0x00007f0c84365170,
0x00007f0c84398520, 0x00007f0c8439a440, 0x00007f0c8465fc30, 0x00007f0c10017610,
0x00007f0c102a17a0, 0x00007f0c10302f90, 0x00007f0c104811c0, 0x00007f0bfc000ff0,
0x00007f0c105ef620, 0x00007f0c8443f3b0, 0x00007f0c843d1b70, 0x00007f0bdc000ff0,
0x00007f0bf845ebb0, 0x00007f0bf845f130, 0x00007f0c00002250, 0x00007f0bf8463af0
}

Java Threads: ( => current thread )
  0x00007f0c84025f60 JavaThread "main" [_thread_blocked, id=34, stack(0x00007f0c8909a000,0x00007f0c8919a000)]
  0x00007f0c840c7020 JavaThread "Reference Handler" daemon [_thread_blocked, id=37, stack(0x00007f0c6992e000,0x00007f0c69a2e000)]
  0x00007f0c840c8460 JavaThread "Finalizer" daemon [_thread_blocked, id=38, stack(0x00007f0c6982e000,0x00007f0c6992e000)]
  0x00007f0c840ceba0 JavaThread "Signal Dispatcher" daemon [_thread_blocked, id=39, stack(0x00007f0c69448000,0x00007f0c69548000)]
  0x00007f0c840cff50 JavaThread "Service Thread" daemon [_thread_blocked, id=40, stack(0x00007f0c69348000,0x00007f0c69448000)]
  0x00007f0c840d1340 JavaThread "Monitor Deflation Thread" daemon [_thread_blocked, id=41, stack(0x00007f0c69248000,0x00007f0c69348000)]
=>0x00007f0c840d2d30 JavaThread "JVMCI-native CompilerThread0" daemon [_thread_in_vm, id=42, stack(0x00007f0c69048000,0x00007f0c69248000)]
  0x00007f0c840d4240 JavaThread "C1 CompilerThread0" daemon [_thread_blocked, id=43, stack(0x00007f0c68e48000,0x00007f0c69048000)]
  0x00007f0c840d5690 JavaThread "Sweeper thread" daemon [_thread_blocked, id=44, stack(0x00007f0c68d48000,0x00007f0c68e48000)]
  0x00007f0c84100870 JavaThread "Common-Cleaner" daemon [_thread_blocked, id=45, stack(0x00007f0c68c48000,0x00007f0c68d48000)]
  0x00007f0c84148dd0 JavaThread "Notification Thread" daemon [_thread_blocked, id=46, stack(0x00007f0c68b48000,0x00007f0c68c48000)]
  0x00007f0c84365170 JavaThread "Active Thread: Equinox Container: a102679f-c9ae-4f49-8cc8-086fa7c472b2" [_thread_blocked, id=57, stack(0x00007f0c68400000,0x00007f0c68500000)]
  0x00007f0c84398520 JavaThread "Framework Event Dispatcher: Equinox Container: a102679f-c9ae-4f49-8cc8-086fa7c472b2" daemon [_thread_blocked, id=58, stack(0x00007f0c68200000,0x00007f0c68300000)]
  0x00007f0c8439a440 JavaThread "Start Level: Equinox Container: a102679f-c9ae-4f49-8cc8-086fa7c472b2" daemon [_thread_blocked, id=59, stack(0x00007f0c68000000,0x00007f0c68100000)]
  0x00007f0c8465fc30 JavaThread "Refresh Thread: Equinox Container: a102679f-c9ae-4f49-8cc8-086fa7c472b2" daemon [_thread_blocked, id=61, stack(0x00007f0c30900000,0x00007f0c30a00000)]
  0x00007f0c10017610 JavaThread "SCR Component Actor" daemon [_thread_blocked, id=62, stack(0x00007f0c30700000,0x00007f0c30800000)]
  0x00007f0c102a17a0 JavaThread "Worker-JM" [_thread_blocked, id=71, stack(0x00007f0c30300000,0x00007f0c30400000)]
  0x00007f0c10302f90 JavaThread "Worker-0" [_thread_blocked, id=72, stack(0x00007f0c30100000,0x00007f0c30200000)]
  0x00007f0c104811c0 JavaThread "Java indexing" daemon [_thread_blocked, id=74, stack(0x00007f0c2fd00000,0x00007f0c2fe00000)]
  0x00007f0bfc000ff0 JavaThread "Worker-2: Java indexing... " [_thread_blocked, id=75, stack(0x00007f0c2fb00000,0x00007f0c2fc00000)]
  0x00007f0c105ef620 JavaThread "Bundle File Closer" daemon [_thread_blocked, id=76, stack(0x00007f0c2f900000,0x00007f0c2fa00000)]
  0x00007f0c8443f3b0 JavaThread "pool-3-thread-1" [_thread_blocked, id=77, stack(0x00007f0c2f700000,0x00007f0c2f800000)]
  0x00007f0c843d1b70 JavaThread "pool-2-thread-1" [_thread_in_native, id=82, stack(0x00007f0c2f500000,0x00007f0c2f600000)]
  0x00007f0bdc000ff0 JavaThread "Worker-4" [_thread_blocked, id=90, stack(0x00007f0c2ef00000,0x00007f0c2f000000)]
  0x00007f0bf845ebb0 JavaThread "OkHttp repo.maven.apache.org" [_thread_in_native, id=105, stack(0x00007f0c30500000,0x00007f0c30600000)]
  0x00007f0bf845f130 JavaThread "OkHttp ConnectionPool" daemon [_thread_blocked, id=106, stack(0x00007f0c30800000,0x00007f0c30900000)]
  0x00007f0c00002250 JavaThread "OkHttp repo.maven.apache.org Writer" [_thread_blocked, id=107, stack(0x00007f0c30600000,0x00007f0c30700000)]
  0x00007f0bf8463af0 JavaThread "Okio Watchdog" daemon [_thread_blocked, id=109, stack(0x00007f0c2ec00000,0x00007f0c2ed00000)]

Other Threads:
  0x00007f0c840c2760 VMThread "VM Thread" [stack: 0x00007f0c69a30000,0x00007f0c69b30000] [id=36] _threads_hazard_ptr=0x00007f0bb4000b70
  0x00007f0c8414a770 WatcherThread [stack: 0x00007f0c68a48000,0x00007f0c68b48000] [id=47]
  0x00007f0c8403d860 GCTaskThread "GC Thread#0" [stack: 0x00007f0c88c5d000,0x00007f0c88d5d000] [id=35]
  0x00007f0c5c001230 GCTaskThread "GC Thread#1" [stack: 0x00007f0c2dd00000,0x00007f0c2de00000] [id=60]

Threads with active compile tasks:
JVMCI-native CompilerThread0    93533 8316       4       java.lang.Thread::interrupted (23 bytes)

VM state: synchronizing (normal execution)

VM Mutex/Monitor currently owned by a thread:  ([mutex/lock_event])
[0x00007f0c84023110] Threads_lock - owner thread: 0x00007f0c840c2760
[0x00007f0c840238c0] Heap_lock - owner thread: 0x00007f0bfc000ff0

OutOfMemory and StackOverflow Exception counts:
OutOfMemoryError java_heap_errors=3
LinkageErrors=62

Heap address: 0x00000000e0000000, size: 512 MB, Compressed Oops mode: 32-bit

CDS archive(s) mapped at: [0x0000000800000000-0x0000000800bc8000-0x0000000800bc8000), size 12353536, SharedBaseAddress: 0x0000000800000000, ArchiveRelocationMode: 0.
Compressed class space mapped at: 0x0000000800c00000-0x0000000840c00000, reserved size: 1073741824
Narrow klass base: 0x0000000800000000, Narrow klass shift: 0, Narrow klass range: 0x100000000

GC Precious Log:
 CPUs: 16 total, 2 available
 Memory: 3215M
 Large Page Support: Disabled
 NUMA Support: Disabled
 Compressed Oops: Enabled (32-bit)
 Alignments: Space 512K, Generation 512K, Heap 2M
 Heap Min Capacity: 100M
 Heap Initial Capacity: 100M
 Heap Max Capacity: 512M
 Pre-touch: Disabled
 Parallel Workers: 2

Heap:
 PSYoungGen      total 69632K, used 46080K [0x00000000f5580000, 0x00000000fc000000, 0x0000000100000000)
  eden space 46080K, 100% used [0x00000000f5580000,0x00000000f8280000,0x00000000f8280000)
  from space 23552K, 0% used [0x00000000f8280000,0x00000000f8280000,0x00000000f9980000)
  to   space 28160K, 0% used [0x00000000fa480000,0x00000000fa480000,0x00000000fc000000)
 ParOldGen       total 349696K, used 349696K [0x00000000e0000000, 0x00000000f5580000, 0x00000000f5580000)
  object space 349696K, 100% used [0x00000000e0000000,0x00000000f5580000,0x00000000f5580000)
 Metaspace       used 56252K, committed 57408K, reserved 1105920K
  class space    used 5574K, committed 6016K, reserved 1048576K

Card table byte_map: [0x00007f0c88d5d000,0x00007f0c88e5e000] _byte_map_base: 0x00007f0c8865d000

Marking Bits: (ParMarkBitMap*) 0x00007f0c8a4ad4c0
 Begin Bits: [0x00007f0c6a4b3000, 0x00007f0c6acb3000)
 End Bits:   [0x00007f0c6acb3000, 0x00007f0c6b4b3000)

Polling page: 0x00007f0c89077000

Metaspace:

Usage:
  Non-class:     49.49 MB used.
      Class:      5.44 MB used.
       Both:     54.93 MB used.

Virtual space:
  Non-class space:       56.00 MB reserved,      50.19 MB ( 90%) committed,  7 nodes.
      Class space:        1.00 GB reserved,       5.88 MB ( <1%) committed,  1 nodes.
             Both:        1.05 GB reserved,      56.06 MB (  5%) committed. 

Chunk freelists:
   Non-Class:  1.93 MB
       Class:  2.20 MB
        Both:  4.12 MB

MaxMetaspaceSize: unlimited
CompressedClassSpaceSize: 1.00 GB
Initial GC threshold: 21.00 MB
Current GC threshold: 93.38 MB
CDS: on
MetaspaceReclaimPolicy: balanced
 - commit_granule_bytes: 65536.
 - commit_granule_words: 8192.
 - virtual_space_node_default_size: 1048576.
 - enlarge_chunks_in_place: 1.
 - new_chunks_are_fully_committed: 0.
 - uncommit_free_chunks: 1.
 - use_allocation_guard: 0.
 - handle_deallocations: 1.


Internal statistics:

num_allocs_failed_limit: 6.
num_arena_births: 478.
num_arena_deaths: 148.
num_vsnodes_births: 8.
num_vsnodes_deaths: 0.
num_space_committed: 896.
num_space_uncommitted: 0.
num_chunks_returned_to_freelist: 208.
num_chunks_taken_from_freelist: 2656.
num_chunk_merges: 86.
num_chunk_splits: 1729.
num_chunks_enlarged: 1084.
num_purges: 2.
num_inconsistent_stats: 0.

CodeHeap 'non-profiled nmethods': size=120036Kb used=2535Kb max_used=2535Kb free=117501Kb
 bounds [0x00007f0c72f7a000, 0x00007f0c731fa000, 0x00007f0c7a4b3000]
CodeHeap 'profiled nmethods': size=120032Kb used=13692Kb max_used=15930Kb free=106339Kb
 bounds [0x00007f0c6ba42000, 0x00007f0c6c9e2000, 0x00007f0c72f7a000]
CodeHeap 'non-nmethods': size=5692Kb used=1362Kb max_used=1382Kb free=4329Kb
 bounds [0x00007f0c6b4b3000, 0x00007f0c6b723000, 0x00007f0c6ba42000]
 total_blobs=7338 nmethods=6643 adapters=609
 compilation: enabled
              stopped_count=0, restarted_count=0
 full_count=0

JVMCI Events (20 events):
Event: 17.186 Thread 0x00007f0c840d2d30 compacted oop handles in JVMCI runtime 0 from 152 to 145
Event: 17.186 Thread 0x00007f0c840d2d30 compacted oop handles in JVMCI runtime 0 from 146 to 128
Event: 17.404 Thread 0x00007f0c840d2d30 compacted oop handles in JVMCI runtime 0 from 132 to 131
Event: 17.454 Thread 0x00007f0c840d2d30 compacted oop handles in JVMCI runtime 0 from 132 to 85
Event: 17.462 Thread 0x00007f0c840d2d30 compacted oop handles in JVMCI runtime 0 from 104 to 102
Event: 17.465 Thread 0x00007f0c840d2d30 compacted oop handles in JVMCI runtime 0 from 104 to 102
Event: 17.477 Thread 0x00007f0c840d2d30 compacted oop handles in JVMCI runtime 0 from 107 to 105
Event: 17.485 Thread 0x00007f0c840d2d30 compacted oop handles in JVMCI runtime 0 from 120 to 112
Event: 17.523 Thread 0x00007f0c840d2d30 compacted oop handles in JVMCI runtime 0 from 114 to 86
Event: 18.525 Thread 0x00007f0c840d2d30 detaching from JVMCI runtime 0: releasing idle compiler thread (0 other threads still attached)
Event: 18.525 Thread 0x00007f0c840d2d30 shutting down HotSpotJVMCIRuntime for JVMCI runtime 0
Event: 18.525 Thread 0x00007f0c840d2d30 shut down JVMCI runtime 0
Event: 18.529 Thread 0x00007f0c840d2d30 destroyed JavaVM[1]@0x00007f0c3169e340 for JVMCI runtime 0
Event: 18.529 Thread 0x00007f0c840d2d30 compacted oop handles in JVMCI runtime 0 from 86 to 86
Event: 18.529 Thread 0x00007f0c840d2d30 releasing handles for JVMCI runtime 0: oop handles=86, metadata handles={total=1216, live=1043, blocks=38}
Event: 18.529 Thread 0x00007f0c840d2d30 detached from JVMCI runtime 0
Event: 87.715 Thread 0x00007f0c840d2d30 attached to JVMCI runtime 0
Event: 87.717 Thread 0x00007f0c840d2d30 created JavaVM[2]@0x00007f0bee29e340 for JVMCI runtime 0
Event: 88.197 Thread 0x00007f0c840d2d30 initializing JVMCI runtime 0
Event: 88.197 Thread 0x00007f0c840d2d30 done waiting for JavaVM references initialization in JVMCI runtime 0

Compilation events (20 events):
Event: 33.984 Thread 0x00007f0c840d4240 nmethod 8305 0x00007f0c6ba7cd10 code [0x00007f0c6ba7cf60, 0x00007f0c6ba7d680]
Event: 33.984 Thread 0x00007f0c840d4240 8307   !   3       sun.security.provider.NativePRNG$RandomIO::implNextBytes (162 bytes)
Event: 37.039 Thread 0x00007f0c840d4240 nmethod 8307 0x00007f0c6c081710 code [0x00007f0c6c081940, 0x00007f0c6c081f80]
Event: 37.039 Thread 0x00007f0c840d4240 8308       3       java.util.LinkedList::get (14 bytes)
Event: 38.446 Thread 0x00007f0c840d4240 nmethod 8308 0x00007f0c6bdb9690 code [0x00007f0c6bdb9880, 0x00007f0c6bdb9e40]
Event: 38.902 Thread 0x00007f0c840d4240 8309       3       java.text.FieldPosition::<init> (25 bytes)
Event: 39.859 Thread 0x00007f0c840d4240 nmethod 8309 0x00007f0c6bb4ea10 code [0x00007f0c6bb4ebc0, 0x00007f0c6bb4ed30]
Event: 41.288 Thread 0x00007f0c840d4240 8311       3       java.text.MessageFormat::subformat (542 bytes)
Event: 45.912 Thread 0x00007f0c840d4240 nmethod 8311 0x00007f0c6c77d710 code [0x00007f0c6c77dd60, 0x00007f0c6c783bc0]
Event: 45.913 Thread 0x00007f0c840d4240 8310       3       java.text.MessageFormat::format (12 bytes)
Event: 45.913 Thread 0x00007f0c840d4240 nmethod 8310 0x00007f0c6bb67a10 code [0x00007f0c6bb67bc0, 0x00007f0c6bb67f60]
Event: 68.300 Thread 0x00007f0c840d4240 8312       3       java.text.Format::format (24 bytes)
Event: 68.752 Thread 0x00007f0c840d4240 nmethod 8312 0x00007f0c6c2d2d10 code [0x00007f0c6c2d2f00, 0x00007f0c6c2d3480]
Event: 74.290 Thread 0x00007f0c840d4240 8313       3       org.eclipse.jdt.ls.core.internal.handlers.ProgressReporterManager$ProgressReporter::sendProgress (78 bytes)
Event: 76.131 Thread 0x00007f0c840d4240 nmethod 8313 0x00007f0c6bb7c090 code [0x00007f0c6bb7c280, 0x00007f0c6bb7cbf0]
Event: 76.131 Thread 0x00007f0c840d4240 8314       3       java.util.IdentityHashMap$KeyIterator::next (13 bytes)
Event: 77.976 Thread 0x00007f0c840d4240 nmethod 8314 0x00007f0c6bcaf890 code [0x00007f0c6bcafa40, 0x00007f0c6bcafe40]
Event: 77.976 Thread 0x00007f0c840d4240 8315       3       java.util.IdentityHashMap$IdentityHashMapIterator::nextIndex (72 bytes)
Event: 78.442 Thread 0x00007f0c840d4240 nmethod 8315 0x00007f0c6ba6f190 code [0x00007f0c6ba6f360, 0x00007f0c6ba6f840]
Event: 87.715 Thread 0x00007f0c840d2d30 8316       4       java.lang.Thread::interrupted (23 bytes)

GC Heap History (20 events):
Event: 89.107 GC heap before
{Heap before GC invocations=227 (full 157):
 PSYoungGen      total 69632K, used 46079K [0x00000000f5580000, 0x00000000fc000000, 0x0000000100000000)
  eden space 46080K, 99% used [0x00000000f5580000,0x00000000f827fff8,0x00000000f8280000)
  from space 23552K, 0% used [0x00000000f8280000,0x00000000f8280000,0x00000000f9980000)
  to   space 28160K, 0% used [0x00000000fa480000,0x00000000fa480000,0x00000000fc000000)
 ParOldGen       total 349696K, used 349693K [0x00000000e0000000, 0x00000000f5580000, 0x00000000f5580000)
  object space 349696K, 99% used [0x00000000e0000000,0x00000000f557f4e0,0x00000000f5580000)
 Metaspace       used 56252K, committed 57408K, reserved 1105920K
  class space    used 5574K, committed 6016K, reserved 1048576K
}
Event: 89.533 GC heap after
{Heap after GC invocations=227 (full 157):
 PSYoungGen      total 74240K, used 46079K [0x00000000f5580000, 0x00000000fc000000, 0x0000000100000000)
  eden space 46080K, 99% used [0x00000000f5580000,0x00000000f827ffe0,0x00000000f8280000)
  from space 28160K, 0% used [0x00000000fa480000,0x00000000fa480000,0x00000000fc000000)
  to   space 23552K, 0% used [0x00000000f8280000,0x00000000f8280000,0x00000000f9980000)
 ParOldGen       total 349696K, used 349691K [0x00000000e0000000, 0x00000000f5580000, 0x00000000f5580000)
  object space 349696K, 99% used [0x00000000e0000000,0x00000000f557ee40,0x00000000f5580000)
 Metaspace       used 56252K, committed 57408K, reserved 1105920K
  class space    used 5574K, committed 6016K, reserved 1048576K
}
Event: 89.533 GC heap before
{Heap before GC invocations=228 (full 158):
 PSYoungGen      total 74240K, used 46080K [0x00000000f5580000, 0x00000000fc000000, 0x0000000100000000)
  eden space 46080K, 100% used [0x00000000f5580000,0x00000000f8280000,0x00000000f8280000)
  from space 28160K, 0% used [0x00000000fa480000,0x00000000fa480000,0x00000000fc000000)
  to   space 23552K, 0% used [0x00000000f8280000,0x00000000f8280000,0x00000000f9980000)
 ParOldGen       total 349696K, used 349694K [0x00000000e0000000, 0x00000000f5580000, 0x00000000f5580000)
  object space 349696K, 99% used [0x00000000e0000000,0x00000000f557fbe8,0x00000000f5580000)
 Metaspace       used 56252K, committed 57408K, reserved 1105920K
  class space    used 5574K, committed 6016K, reserved 1048576K
}
Event: 89.964 GC heap after
{Heap after GC invocations=228 (full 158):
 PSYoungGen      total 69632K, used 46079K [0x00000000f5580000, 0x00000000fc000000, 0x0000000100000000)
  eden space 46080K, 99% used [0x00000000f5580000,0x00000000f827ffb8,0x00000000f8280000)
  from space 23552K, 0% used [0x00000000f8280000,0x00000000f8280000,0x00000000f9980000)
  to   space 28160K, 0% used [0x00000000fa480000,0x00000000fa480000,0x00000000fc000000)
 ParOldGen       total 349696K, used 349694K [0x00000000e0000000, 0x00000000f5580000, 0x00000000f5580000)
  object space 349696K, 99% used [0x00000000e0000000,0x00000000f557fb78,0x00000000f5580000)
 Metaspace       used 56252K, committed 57408K, reserved 1105920K
  class space    used 5574K, committed 6016K, reserved 1048576K
}
Event: 89.964 GC heap before
{Heap before GC invocations=229 (full 159):
 PSYoungGen      total 69632K, used 46080K [0x00000000f5580000, 0x00000000fc000000, 0x0000000100000000)
  eden space 46080K, 100% used [0x00000000f5580000,0x00000000f8280000,0x00000000f8280000)
  from space 23552K, 0% used [0x00000000f8280000,0x00000000f8280000,0x00000000f9980000)
  to   space 28160K, 0% used [0x00000000fa480000,0x00000000fa480000,0x00000000fc000000)
 ParOldGen       total 349696K, used 349694K [0x00000000e0000000, 0x00000000f5580000, 0x00000000f5580000)
  object space 349696K, 99% used [0x00000000e0000000,0x00000000f557fb78,0x00000000f5580000)
 Metaspace       used 56252K, committed 57408K, reserved 1105920K
  class space    used 5574K, committed 6016K, reserved 1048576K
}
Event: 90.378 GC heap after
{Heap after GC invocations=229 (full 159):
 PSYoungGen      total 74240K, used 46079K [0x00000000f5580000, 0x00000000fc000000, 0x0000000100000000)
  eden space 46080K, 99% used [0x00000000f5580000,0x00000000f827fff0,0x00000000f8280000)
  from space 28160K, 0% used [0x00000000fa480000,0x00000000fa480000,0x00000000fc000000)
  to   space 23552K, 0% used [0x00000000f8280000,0x00000000f8280000,0x00000000f9980000)
 ParOldGen       total 349696K, used 349694K [0x00000000e0000000, 0x00000000f5580000, 0x00000000f5580000)
  object space 349696K, 99% used [0x00000000e0000000,0x00000000f557fb78,0x00000000f5580000)
 Metaspace       used 56252K, committed 57408K, reserved 1105920K
  class space    used 5574K, committed 6016K, reserved 1048576K
}
Event: 90.379 GC heap before
{Heap before GC invocations=230 (full 160):
 PSYoungGen      total 74240K, used 46080K [0x00000000f5580000, 0x00000000fc000000, 0x0000000100000000)
  eden space 46080K, 100% used [0x00000000f5580000,0x00000000f8280000,0x00000000f8280000)
  from space 28160K, 0% used [0x00000000fa480000,0x00000000fa480000,0x00000000fc000000)
  to   space 23552K, 0% used [0x00000000f8280000,0x00000000f8280000,0x00000000f9980000)
 ParOldGen       total 349696K, used 349696K [0x00000000e0000000, 0x00000000f5580000, 0x00000000f5580000)
  object space 349696K, 100% used [0x00000000e0000000,0x00000000f5580000,0x00000000f5580000)
 Metaspace       used 56252K, committed 57408K, reserved 1105920K
  class space    used 5574K, committed 6016K, reserved 1048576K
}
Event: 90.796 GC heap after
{Heap after GC invocations=230 (full 160):
 PSYoungGen      total 69632K, used 46079K [0x00000000f5580000, 0x00000000fc000000, 0x0000000100000000)
  eden space 46080K, 99% used [0x00000000f5580000,0x00000000f827ff78,0x00000000f8280000)
  from space 23552K, 0% used [0x00000000f8280000,0x00000000f8280000,0x00000000f9980000)
  to   space 28160K, 0% used [0x00000000fa480000,0x00000000fa480000,0x00000000fc000000)
 ParOldGen       total 349696K, used 349695K [0x00000000e0000000, 0x00000000f5580000, 0x00000000f5580000)
  object space 349696K, 99% used [0x00000000e0000000,0x00000000f557ff30,0x00000000f5580000)
 Metaspace       used 56252K, committed 57408K, reserved 1105920K
  class space    used 5574K, committed 6016K, reserved 1048576K
}
Event: 90.796 GC heap before
{Heap before GC invocations=231 (full 161):
 PSYoungGen      total 69632K, used 46080K [0x00000000f5580000, 0x00000000fc000000, 0x0000000100000000)
  eden space 46080K, 100% used [0x00000000f5580000,0x00000000f8280000,0x00000000f8280000)
  from space 23552K, 0% used [0x00000000f8280000,0x00000000f8280000,0x00000000f9980000)
  to   space 28160K, 0% used [0x00000000fa480000,0x00000000fa480000,0x00000000fc000000)
 ParOldGen       total 349696K, used 349695K [0x00000000e0000000, 0x00000000f5580000, 0x00000000f5580000)
  object space 349696K, 99% used [0x00000000e0000000,0x00000000f557ff30,0x00000000f5580000)
 Metaspace       used 56252K, committed 57408K, reserved 1105920K
  class space    used 5574K, committed 6016K, reserved 1048576K
}
Event: 91.251 GC heap after
{Heap after GC invocations=231 (full 161):
 PSYoungGen      total 74240K, used 46080K [0x00000000f5580000, 0x00000000fc000000, 0x0000000100000000)
  eden space 46080K, 100% used [0x00000000f5580000,0x00000000f8280000,0x00000000f8280000)
  from space 28160K, 0% used [0x00000000fa480000,0x00000000fa480000,0x00000000fc000000)
  to   space 23552K, 0% used [0x00000000f8280000,0x00000000f8280000,0x00000000f9980000)
 ParOldGen       total 349696K, used 349695K [0x00000000e0000000, 0x00000000f5580000, 0x00000000f5580000)
  object space 349696K, 99% used [0x00000000e0000000,0x00000000f557ff30,0x00000000f5580000)
 Metaspace       used 56252K, committed 57408K, reserved 1105920K
  class space    used 5574K, committed 6016K, reserved 1048576K
}
Event: 91.251 GC heap before
{Heap before GC invocations=232 (full 162):
 PSYoungGen      total 74240K, used 46080K [0x00000000f5580000, 0x00000000fc000000, 0x0000000100000000)
  eden space 46080K, 100% used [0x00000000f5580000,0x00000000f8280000,0x00000000f8280000)
  from space 28160K, 0% used [0x00000000fa480000,0x00000000fa480000,0x00000000fc000000)
  to   space 23552K, 0% used [0x00000000f8280000,0x00000000f8280000,0x00000000f9980000)
 ParOldGen       total 349696K, used 349695K [0x00000000e0000000, 0x00000000f5580000, 0x00000000f5580000)
  object space 349696K, 99% used [0x00000000e0000000,0x00000000f557ffa8,0x00000000f5580000)
 Metaspace       used 56252K, committed 57408K, reserved 1105920K
  class space    used 5574K, committed 6016K, reserved 1048576K
}
Event: 91.751 GC heap after
{Heap after GC invocations=232 (full 162):
 PSYoungGen      total 69632K, used 46079K [0x00000000f5580000, 0x00000000fc000000, 0x0000000100000000)
  eden space 46080K, 99% used [0x00000000f5580000,0x00000000f827ffd0,0x00000000f8280000)
  from space 23552K, 0% used [0x00000000f8280000,0x00000000f8280000,0x00000000f9980000)
  to   space 28160K, 0% used [0x00000000fa480000,0x00000000fa480000,0x00000000fc000000)
 ParOldGen       total 349696K, used 349695K [0x00000000e0000000, 0x00000000f5580000, 0x00000000f5580000)
  object space 349696K, 99% used [0x00000000e0000000,0x00000000f557ffa8,0x00000000f5580000)
 Metaspace       used 56252K, committed 57408K, reserved 1105920K
  class space    used 5574K, committed 6016K, reserved 1048576K
}
Event: 91.751 GC heap before
{Heap before GC invocations=233 (full 163):
 PSYoungGen      total 69632K, used 46079K [0x00000000f5580000, 0x00000000fc000000, 0x0000000100000000)
  eden space 46080K, 99% used [0x00000000f5580000,0x00000000f827ffd0,0x00000000f8280000)
  from space 23552K, 0% used [0x00000000f8280000,0x00000000f8280000,0x00000000f9980000)
  to   space 28160K, 0% used [0x00000000fa480000,0x00000000fa480000,0x00000000fc000000)
 ParOldGen       total 349696K, used 349695K [0x00000000e0000000, 0x00000000f5580000, 0x00000000f5580000)
  object space 349696K, 99% used [0x00000000e0000000,0x00000000f557ffa8,0x00000000f5580000)
 Metaspace       used 56252K, committed 57408K, reserved 1105920K
  class space    used 5574K, committed 6016K, reserved 1048576K
}
Event: 92.178 GC heap after
{Heap after GC invocations=233 (full 163):
 PSYoungGen      total 74240K, used 46079K [0x00000000f5580000, 0x00000000fc000000, 0x0000000100000000)
  eden space 46080K, 99% used [0x00000000f5580000,0x00000000f827ffd0,0x00000000f8280000)
  from space 28160K, 0% used [0x00000000fa480000,0x00000000fa480000,0x00000000fc000000)
  to   space 23552K, 0% used [0x00000000f8280000,0x00000000f8280000,0x00000000f9980000)
 ParOldGen       total 349696K, used 349695K [0x00000000e0000000, 0x00000000f5580000, 0x00000000f5580000)
  object space 349696K, 99% used [0x00000000e0000000,0x00000000f557ffa8,0x00000000f5580000)
 Metaspace       used 56252K, committed 57408K, reserved 1105920K
  class space    used 5574K, committed 6016K, reserved 1048576K
}
Event: 92.178 GC heap before
{Heap before GC invocations=234 (full 164):
 PSYoungGen      total 74240K, used 46080K [0x00000000f5580000, 0x00000000fc000000, 0x0000000100000000)
  eden space 46080K, 100% used [0x00000000f5580000,0x00000000f8280000,0x00000000f8280000)
  from space 28160K, 0% used [0x00000000fa480000,0x00000000fa480000,0x00000000fc000000)
  to   space 23552K, 0% used [0x00000000f8280000,0x00000000f8280000,0x00000000f9980000)
 ParOldGen       total 349696K, used 349695K [0x00000000e0000000, 0x00000000f5580000, 0x00000000f5580000)
  object space 349696K, 99% used [0x00000000e0000000,0x00000000f557fff8,0x00000000f5580000)
 Metaspace       used 56252K, committed 57408K, reserved 1105920K
  class space    used 5574K, committed 6016K, reserved 1048576K
}
Event: 92.651 GC heap after
{Heap after GC invocations=234 (full 164):
 PSYoungGen      total 69632K, used 46079K [0x00000000f5580000, 0x00000000fc000000, 0x0000000100000000)
  eden space 46080K, 99% used [0x00000000f5580000,0x00000000f827ffd0,0x00000000f8280000)
  from space 23552K, 0% used [0x00000000f8280000,0x00000000f8280000,0x00000000f9980000)
  to   space 28160K, 0% used [0x00000000fa480000,0x00000000fa480000,0x00000000fc000000)
 ParOldGen       total 349696K, used 349695K [0x00000000e0000000, 0x00000000f5580000, 0x00000000f5580000)
  object space 349696K, 99% used [0x00000000e0000000,0x00000000f557fcd8,0x00000000f5580000)
 Metaspace       used 56252K, committed 57408K, reserved 1105920K
  class space    used 5574K, committed 6016K, reserved 1048576K
}
Event: 92.652 GC heap before
{Heap before GC invocations=235 (full 165):
 PSYoungGen      total 69632K, used 46080K [0x00000000f5580000, 0x00000000fc000000, 0x0000000100000000)
  eden space 46080K, 100% used [0x00000000f5580000,0x00000000f8280000,0x00000000f8280000)
  from space 23552K, 0% used [0x00000000f8280000,0x00000000f8280000,0x00000000f9980000)
  to   space 28160K, 0% used [0x00000000fa480000,0x00000000fa480000,0x00000000fc000000)
 ParOldGen       total 349696K, used 349695K [0x00000000e0000000, 0x00000000f5580000, 0x00000000f5580000)
  object space 349696K, 99% used [0x00000000e0000000,0x00000000f557fcd8,0x00000000f5580000)
 Metaspace       used 56252K, committed 57408K, reserved 1105920K
  class space    used 5574K, committed 6016K, reserved 1048576K
}
Event: 93.074 GC heap after
{Heap after GC invocations=235 (full 165):
 PSYoungGen      total 74240K, used 46080K [0x00000000f5580000, 0x00000000fc000000, 0x0000000100000000)
  eden space 46080K, 100% used [0x00000000f5580000,0x00000000f8280000,0x00000000f8280000)
  from space 28160K, 0% used [0x00000000fa480000,0x00000000fa480000,0x00000000fc000000)
  to   space 23552K, 0% used [0x00000000f8280000,0x00000000f8280000,0x00000000f9980000)
 ParOldGen       total 349696K, used 349695K [0x00000000e0000000, 0x00000000f5580000, 0x00000000f5580000)
  object space 349696K, 99% used [0x00000000e0000000,0x00000000f557fcd8,0x00000000f5580000)
 Metaspace       used 56252K, committed 57408K, reserved 1105920K
  class space    used 5574K, committed 6016K, reserved 1048576K
}
Event: 93.074 GC heap before
{Heap before GC invocations=236 (full 166):
 PSYoungGen      total 74240K, used 46080K [0x00000000f5580000, 0x00000000fc000000, 0x0000000100000000)
  eden space 46080K, 100% used [0x00000000f5580000,0x00000000f8280000,0x00000000f8280000)
  from space 28160K, 0% used [0x00000000fa480000,0x00000000fa480000,0x00000000fc000000)
  to   space 23552K, 0% used [0x00000000f8280000,0x00000000f8280000,0x00000000f9980000)
 ParOldGen       total 349696K, used 349695K [0x00000000e0000000, 0x00000000f5580000, 0x00000000f5580000)
  object space 349696K, 99% used [0x00000000e0000000,0x00000000f557fcd8,0x00000000f5580000)
 Metaspace       used 56252K, committed 57408K, reserved 1105920K
  class space    used 5574K, committed 6016K, reserved 1048576K
}
Event: 93.489 GC heap after
{Heap after GC invocations=236 (full 166):
 PSYoungGen      total 69632K, used 46080K [0x00000000f5580000, 0x00000000fc000000, 0x0000000100000000)
  eden space 46080K, 100% used [0x00000000f5580000,0x00000000f8280000,0x00000000f8280000)
  from space 23552K, 0% used [0x00000000f8280000,0x00000000f8280000,0x00000000f9980000)
  to   space 28160K, 0% used [0x00000000fa480000,0x00000000fa480000,0x00000000fc000000)
 ParOldGen       total 349696K, used 349695K [0x00000000e0000000, 0x00000000f5580000, 0x00000000f5580000)
  object space 349696K, 99% used [0x00000000e0000000,0x00000000f557fcd8,0x00000000f5580000)
 Metaspace       used 56252K, committed 57408K, reserved 1105920K
  class space    used 5574K, committed 6016K, reserved 1048576K
}

Dll operation events (9 events):
Event: 0.002 Loaded shared library /nix/store/gpxl5qgg8kicmcvivwmybwjlpf7wh20l-graalvm17-ce-22.3.0/lib/libjava.so
Event: 0.015 Loaded shared library /nix/store/gpxl5qgg8kicmcvivwmybwjlpf7wh20l-graalvm17-ce-22.3.0/lib/libjsvml.so
Event: 0.091 Loaded shared library /nix/store/gpxl5qgg8kicmcvivwmybwjlpf7wh20l-graalvm17-ce-22.3.0/lib/libnio.so
Event: 0.094 Loaded shared library /nix/store/gpxl5qgg8kicmcvivwmybwjlpf7wh20l-graalvm17-ce-22.3.0/lib/libzip.so
Event: 0.097 Loaded shared library /nix/store/gpxl5qgg8kicmcvivwmybwjlpf7wh20l-graalvm17-ce-22.3.0/lib/libjvmcicompiler.so
Event: 0.266 Loaded shared library /nix/store/gpxl5qgg8kicmcvivwmybwjlpf7wh20l-graalvm17-ce-22.3.0/lib/libjimage.so
Event: 0.415 Loaded shared library /nix/store/gpxl5qgg8kicmcvivwmybwjlpf7wh20l-graalvm17-ce-22.3.0/lib/libnet.so
Event: 1.364 Loaded shared library /home/runner/.cache/jdt-language-server/config/org.eclipse.equinox.launcher/org.eclipse.equinox.launcher.gtk.linux.x86_64_1.2.400.v20211117-0650/eclipse_11600.so
Event: 3.584 Loaded shared library /nix/store/gpxl5qgg8kicmcvivwmybwjlpf7wh20l-graalvm17-ce-22.3.0/lib/libextnet.so

Deoptimization events (20 events):
Event: 17.434 Thread 0x00007f0c104811c0 DEOPT PACKING pc=0x00007f0c6c52555d sp=0x00007f0c2fdfe530
Event: 17.434 Thread 0x00007f0c104811c0 DEOPT UNPACKING pc=0x00007f0c6b505325 sp=0x00007f0c2fdfda20 mode 0
Event: 17.436 Thread 0x00007f0c104811c0 DEOPT PACKING pc=0x00007f0c6c5254ec sp=0x00007f0c2fdfe530
Event: 17.436 Thread 0x00007f0c104811c0 DEOPT UNPACKING pc=0x00007f0c6b505325 sp=0x00007f0c2fdfda20 mode 0
Event: 17.438 Thread 0x00007f0c104811c0 DEOPT PACKING pc=0x00007f0c6c5254ec sp=0x00007f0c2fdfe530
Event: 17.438 Thread 0x00007f0c104811c0 DEOPT UNPACKING pc=0x00007f0c6b505325 sp=0x00007f0c2fdfda20 mode 0
Event: 17.439 Thread 0x00007f0c104811c0 DEOPT PACKING pc=0x00007f0c6c52555d sp=0x00007f0c2fdfe530
Event: 17.439 Thread 0x00007f0c104811c0 DEOPT UNPACKING pc=0x00007f0c6b505325 sp=0x00007f0c2fdfda20 mode 0
Event: 17.441 Thread 0x00007f0c104811c0 DEOPT PACKING pc=0x00007f0c6c52555d sp=0x00007f0c2fdfe530
Event: 17.441 Thread 0x00007f0c104811c0 DEOPT UNPACKING pc=0x00007f0c6b505325 sp=0x00007f0c2fdfda20 mode 0
Event: 17.442 Thread 0x00007f0c104811c0 DEOPT PACKING pc=0x00007f0c6c52555d sp=0x00007f0c2fdfe530
Event: 17.442 Thread 0x00007f0c104811c0 DEOPT UNPACKING pc=0x00007f0c6b505325 sp=0x00007f0c2fdfda20 mode 0
Event: 17.444 Thread 0x00007f0c104811c0 DEOPT PACKING pc=0x00007f0c6c5254ec sp=0x00007f0c2fdfe530
Event: 17.444 Thread 0x00007f0c104811c0 DEOPT UNPACKING pc=0x00007f0c6b505325 sp=0x00007f0c2fdfda20 mode 0
Event: 17.445 Thread 0x00007f0c104811c0 DEOPT PACKING pc=0x00007f0c6c5254ec sp=0x00007f0c2fdfe530
Event: 17.445 Thread 0x00007f0c104811c0 DEOPT UNPACKING pc=0x00007f0c6b505325 sp=0x00007f0c2fdfda20 mode 0
Event: 92.178 Thread 0x00007f0c104811c0 Uncommon trap: trap_request=0xffffff8f fr.pc=0x00007f0c73102cc2 relative=0x0000000000001202
Event: 92.178 Thread 0x00007f0c104811c0 Uncommon trap: reason=constraint action=none pc=0x00007f0c73102cc2 method=org.eclipse.jdt.internal.core.index.DiskIndex.copyQueryResults(Lorg/eclipse/jdt/internal/compiler/util/HashtableOfObject;I)V @ 123 jvmci
Event: 92.178 Thread 0x00007f0c104811c0 DEOPT PACKING pc=0x00007f0c73102cc2 sp=0x00007f0c2fdfe530
Event: 92.178 Thread 0x00007f0c104811c0 DEOPT UNPACKING pc=0x00007f0c6b505325 sp=0x00007f0c2fdfda28 mode 3

Classes unloaded (20 events):
Event: 20.138 Thread 0x00007f0c840c2760 Unloading class 0x0000000800eac000 'jdk/internal/reflect/GeneratedConstructorAccessor7'
Event: 20.138 Thread 0x00007f0c840c2760 Unloading class 0x0000000800d99000 'java/lang/invoke/LambdaForm$MH+0x0000000800d99000'
Event: 20.138 Thread 0x00007f0c840c2760 Unloading class 0x0000000800d98c00 'java/lang/invoke/LambdaForm$MH+0x0000000800d98c00'
Event: 20.138 Thread 0x00007f0c840c2760 Unloading class 0x0000000800d98800 'java/lang/invoke/LambdaForm$MH+0x0000000800d98800'
Event: 20.138 Thread 0x00007f0c840c2760 Unloading class 0x0000000800d98400 'java/lang/invoke/LambdaForm$MH+0x0000000800d98400'
Event: 20.138 Thread 0x00007f0c840c2760 Unloading class 0x0000000800d98000 'jdk/internal/reflect/GeneratedConstructorAccessor3'
Event: 20.138 Thread 0x00007f0c840c2760 Unloading class 0x0000000800d06800 'java/lang/invoke/LambdaForm$MH+0x0000000800d06800'
Event: 20.138 Thread 0x00007f0c840c2760 Unloading class 0x0000000800d06000 'java/lang/invoke/LambdaForm$MH+0x0000000800d06000'
Event: 20.138 Thread 0x00007f0c840c2760 Unloading class 0x0000000800d05c00 'java/lang/invoke/LambdaForm$MH+0x0000000800d05c00'
Event: 20.138 Thread 0x00007f0c840c2760 Unloading class 0x0000000800d05800 'java/lang/invoke/LambdaForm$MH+0x0000000800d05800'
Event: 20.138 Thread 0x00007f0c840c2760 Unloading class 0x0000000800d05000 'java/lang/invoke/LambdaForm$MH+0x0000000800d05000'
Event: 20.138 Thread 0x00007f0c840c2760 Unloading class 0x0000000800d04c00 'java/lang/invoke/LambdaForm$MH+0x0000000800d04c00'
Event: 20.138 Thread 0x00007f0c840c2760 Unloading class 0x0000000800d04800 'java/lang/invoke/LambdaForm$MH+0x0000000800d04800'
Event: 20.138 Thread 0x00007f0c840c2760 Unloading class 0x0000000800d04000 'java/lang/invoke/LambdaForm$MH+0x0000000800d04000'
Event: 20.138 Thread 0x00007f0c840c2760 Unloading class 0x0000000800c1d000 'jdk/internal/reflect/GeneratedMethodAccessor5'
Event: 20.138 Thread 0x00007f0c840c2760 Unloading class 0x0000000800c1cc00 'jdk/internal/reflect/GeneratedMethodAccessor4'
Event: 20.138 Thread 0x00007f0c840c2760 Unloading class 0x0000000800c1c800 'jdk/internal/reflect/GeneratedMethodAccessor3'
Event: 20.138 Thread 0x00007f0c840c2760 Unloading class 0x0000000800c1c400 'jdk/internal/reflect/GeneratedMethodAccessor2'
Event: 20.138 Thread 0x00007f0c840c2760 Unloading class 0x0000000800c1c000 'jdk/internal/reflect/GeneratedMethodAccessor1'
Event: 20.138 Thread 0x00007f0c840c2760 Unloading class 0x0000000800c01c00 'java/lang/invoke/LambdaForm$DMH+0x0000000800c01c00'

Classes redefined (0 events):
No events

Internal exceptions (20 events):
Event: 11.380 Thread 0x00007f0c843d1b70 Exception <a 'java/lang/NoSuchMethodError'{0x00000000f6e20c90}: 'java.lang.Object java.lang.invoke.DirectMethodHandle$Holder.invokeInterface(java.lang.Object, java.lang.Object, java.lang.Object)'> (0x00000000f6e20c90) 
thrown [src/hotspot/share/interpreter/linkResolver.cpp, line 758]
Event: 11.394 Thread 0x00007f0c10302f90 Exception <a 'java/lang/NoSuchMethodError'{0x00000000f70d5600}: static [Lorg/eclipse/core/runtime/IPath;.<clinit>()V> (0x00000000f70d5600) 
thrown [src/hotspot/share/prims/jni.cpp, line 1107]
Event: 11.400 Thread 0x00007f0c10302f90 Exception <a 'java/lang/NoSuchMethodError'{0x00000000f7107010}: static [J.<clinit>()V> (0x00000000f7107010) 
thrown [src/hotspot/share/prims/jni.cpp, line 1107]
Event: 12.598 Thread 0x00007f0bdc002d90 Exception <a 'java/io/FileNotFoundException'{0x00000000f57aa0a0}> (0x00000000f57aa0a0) 
thrown [src/hotspot/share/prims/jni.cpp, line 516]
Event: 12.614 Thread 0x00007f0bdc000ff0 Exception <a 'java/lang/NoSuchMethodError'{0x00000000f5b42b80}: 'java.lang.Object java.lang.invoke.DirectMethodHandle$Holder.invokeStatic(java.lang.Object, java.lang.Object, java.lang.Object, long)'> (0x00000000f5b42b80) 
thrown [src/hotspot/share/interpreter/linkResolver.cpp, line 758]
Event: 12.614 Thread 0x00007f0bdc000ff0 Exception <a 'java/lang/NoSuchMethodError'{0x00000000f5b4be30}: 'java.lang.Object java.lang.invoke.DirectMethodHandle$Holder.newInvokeSpecial(java.lang.Object, java.lang.Object, java.lang.Object, long)'> (0x00000000f5b4be30) 
thrown [src/hotspot/share/interpreter/linkResolver.cpp, line 758]
Event: 12.615 Thread 0x00007f0bdc000ff0 Exception <a 'java/lang/NoSuchMethodError'{0x00000000f5bc75e0}: 'java.lang.Object java.lang.invoke.DirectMethodHandle$Holder.invokeSpecial(java.lang.Object, java.lang.Object, java.lang.Object, java.lang.Object, long)'> (0x00000000f5bc75e0) 
thrown [src/hotspot/share/interpreter/linkResolver.cpp, line 758]
Event: 12.615 Thread 0x00007f0bdc000ff0 Exception <a 'java/lang/NoSuchMethodError'{0x00000000f5bcb5f0}: 'java.lang.Object java.lang.invoke.Invokers$Holder.linkToTargetMethod(java.lang.Object, java.lang.Object, long, java.lang.Object)'> (0x00000000f5bcb5f0) 
thrown [src/hotspot/share/interpreter/linkResolver.cpp, line 758]
Event: 12.620 Thread 0x00007f0bdc000ff0 Exception <a 'java/lang/NoSuchMethodError'{0x00000000f5d59778}: 'java.lang.Object java.lang.invoke.DirectMethodHandle$Holder.newInvokeSpecial(java.lang.Object, java.lang.Object, int, java.lang.Object, java.lang.Object)'> (0x00000000f5d59778) 
thrown [src/hotspot/share/interpreter/linkResolver.cpp, line 758]
Event: 12.620 Thread 0x00007f0bdc000ff0 Exception <a 'java/lang/NoSuchMethodError'{0x00000000f5dd29d8}: 'java.lang.Object java.lang.invoke.DirectMethodHandle$Holder.invokeSpecial(java.lang.Object, java.lang.Object, java.lang.Object, int, java.lang.Object, java.lang.Object)'> (0x00000000f5dd29d8) 
thrown [src/hotspot/share/interpreter/linkResolver.cpp, line 758]
Event: 12.668 Thread 0x00007f0bdc000ff0 Exception <a 'java/lang/NoSuchMethodError'{0x00000000f6795cc8}: 'java.lang.Object java.lang.invoke.DirectMethodHandle$Holder.newInvokeSpecial(java.lang.Object, java.lang.Object, java.lang.Object, int, java.lang.Object)'> (0x00000000f6795cc8) 
thrown [src/hotspot/share/interpreter/linkResolver.cpp, line 758]
Event: 12.668 Thread 0x00007f0bdc000ff0 Exception <a 'java/lang/NoSuchMethodError'{0x00000000f679abc0}: 'java.lang.Object java.lang.invoke.DirectMethodHandle$Holder.invokeSpecial(java.lang.Object, java.lang.Object, java.lang.Object, java.lang.Object, int, java.lang.Object)'> (0x00000000f679abc0) 
thrown [src/hotspot/share/interpreter/linkResolver.cpp, line 758]
Event: 12.668 Thread 0x00007f0bdc000ff0 Exception <a 'java/lang/NoSuchMethodError'{0x00000000f679f540}: 'java.lang.Object java.lang.invoke.Invokers$Holder.linkToTargetMethod(java.lang.Object, java.lang.Object, int, java.lang.Object, java.lang.Object)'> (0x00000000f679f540) 
thrown [src/hotspot/share/interpreter/linkResolver.cpp, line 758]
Event: 12.886 Thread 0x00007f0c10302f90 Implicit null exception at 0x00007f0c73192622 to 0x00007f0c731929b2
Event: 13.073 Thread 0x00007f0c10302f90 Implicit null exception at 0x00007f0c730b50e9 to 0x00007f0c730b529b
Event: 13.182 Thread 0x00007f0c104811c0 Implicit null exception at 0x00007f0c731850bd to 0x00007f0c731855aa
Event: 46.880 Thread 0x00007f0c84365170 Exception <a 'java/lang/OutOfMemoryError'{0x00000000e032deb0}> (0x00000000e032deb0) 
thrown [src/hotspot/share/gc/shared/memAllocator.cpp, line 136]
Event: 92.178 Thread 0x00007f0c104811c0 Exception <a 'java/lang/OutOfMemoryError'{0x00000000e032e438}> (0x00000000e032e438) 
thrown [src/hotspot/share/gc/shared/memAllocator.cpp, line 138]
Event: 92.178 Thread 0x00007f0c104811c0 Implicit null exception at 0x00007f0c7310272e to 0x00007f0c73102ca7
Event: 93.490 Thread 0x00007f0c840d2d30 Exception <a 'java/lang/OutOfMemoryError'{0x00000000e032e488}> (0x00000000e032e488) 
thrown [src/hotspot/share/gc/shared/memAllocator.cpp, line 136]

VM Operations (20 events):
Event: 88.672 Executing VM operation: ParallelGCFailedAllocation done
Event: 88.672 Executing VM operation: ParallelGCFailedAllocation
Event: 89.107 Executing VM operation: ParallelGCFailedAllocation done
Event: 89.107 Executing VM operation: ParallelGCFailedAllocation
Event: 89.533 Executing VM operation: ParallelGCFailedAllocation done
Event: 89.533 Executing VM operation: ParallelGCFailedAllocation
Event: 89.964 Executing VM operation: ParallelGCFailedAllocation done
Event: 89.964 Executing VM operation: ParallelGCFailedAllocation
Event: 90.378 Executing VM operation: ParallelGCFailedAllocation done
Event: 90.379 Executing VM operation: ParallelGCFailedAllocation
Event: 90.796 Executing VM operation: ParallelGCFailedAllocation done
Event: 90.796 Executing VM operation: ParallelGCFailedAllocation
Event: 91.251 Executing VM operation: ParallelGCFailedAllocation done
Event: 91.251 Executing VM operation: ParallelGCFailedAllocation
Event: 92.178 Executing VM operation: ParallelGCFailedAllocation done
Event: 92.178 Executing VM operation: ParallelGCFailedAllocation
Event: 92.651 Executing VM operation: ParallelGCFailedAllocation done
Event: 92.652 Executing VM operation: ParallelGCFailedAllocation
Event: 93.489 Executing VM operation: ParallelGCFailedAllocation done
Event: 93.490 Executing VM operation: ParallelGCFailedAllocation

Events (20 events):
Event: 16.807 Thread 0x00007f0c840d5690 flushing nmethod 0x00007f0c6c8b1790
Event: 16.807 Thread 0x00007f0c840d5690 flushing nmethod 0x00007f0c6c8b1e90
Event: 16.807 Thread 0x00007f0c840d5690 flushing nmethod 0x00007f0c6c8b2310
Event: 16.807 Thread 0x00007f0c840d5690 flushing nmethod 0x00007f0c6c8b2690
Event: 16.807 Thread 0x00007f0c840d5690 flushing nmethod 0x00007f0c6c8b2b10
Event: 16.807 Thread 0x00007f0c840d5690 flushing nmethod 0x00007f0c6c8b6d90
Event: 16.807 Thread 0x00007f0c840d5690 flushing nmethod 0x00007f0c6c8b7410
Event: 16.807 Thread 0x00007f0c840d5690 flushing nmethod 0x00007f0c6c8c4b90
Event: 16.807 Thread 0x00007f0c840d5690 flushing nmethod 0x00007f0c6c8cca90
Event: 16.807 Thread 0x00007f0c840d5690 flushing nmethod 0x00007f0c6c8ccf10
Event: 16.808 Thread 0x00007f0c840d5690 flushing nmethod 0x00007f0c6c932910
Event: 16.808 Thread 0x00007f0c840d5690 flushing nmethod 0x00007f0c6c9b7e90
Event: 46.880 loading class java/security/PrivilegedActionException
Event: 48.743 loading class java/security/PrivilegedActionException done
Event: 60.716 Thread 0x00007f0c842583d0 Thread exited: 0x00007f0c842583d0
Event: 71.110 Thread 0x00007f0c000034e0 Thread exited: 0x00007f0c000034e0
Event: 74.290 Thread 0x00007f0bf800e180 Thread exited: 0x00007f0bf800e180
Event: 74.290 Thread 0x00007f0bf80010d0 Thread exited: 0x00007f0bf80010d0
Event: 75.653 Thread 0x00007f0bdc002d90 Thread exited: 0x00007f0bdc002d90
Event: 76.131 Thread 0x00007f0bd4001170 Thread exited: 0x00007f0bd4001170


Dynamic libraries:
e0000000-f0200000 rw-p 00000000 00:00 0 
f0200000-fc000000 rw-p 00000000 00:00 0 
fc000000-100000000 ---p 00000000 00:00 0 
800000000-800449000 rw-p 00001000 00:1534 4611686019135357769            /nix/store/gpxl5qgg8kicmcvivwmybwjlpf7wh20l-graalvm17-ce-22.3.0/lib/server/classes.jsa
800449000-800bc8000 r--p 0044a000 00:1534 4611686019135357769            /nix/store/gpxl5qgg8kicmcvivwmybwjlpf7wh20l-graalvm17-ce-22.3.0/lib/server/classes.jsa
800bc8000-800c00000 ---p 00000000 00:00 0 
800c00000-800c10000 rw-p 00000000 00:00 0 
800c10000-800c30000 rw-p 00000000 00:00 0 
800c30000-800cb0000 rw-p 00000000 00:00 0 
800cb0000-800cf0000 rw-p 00000000 00:00 0 
800cf0000-800db0000 rw-p 00000000 00:00 0 
800db0000-800df0000 rw-p 00000000 00:00 0 
800df0000-800eb0000 rw-p 00000000 00:00 0 
800eb0000-800f30000 rw-p 00000000 00:00 0 
800f30000-800f70000 rw-p 00000000 00:00 0 
800f70000-8011e0000 rw-p 00000000 00:00 0 
8011e0000-840c00000 ---p 00000000 00:00 0 
55e136570000-55e136571000 r-xp 00000000 00:1534 4611686019099417844      /nix/store/gpxl5qgg8kicmcvivwmybwjlpf7wh20l-graalvm17-ce-22.3.0/bin/.java-wrapped
55e136572000-55e136573000 r--p 00001000 00:1534 4611686019099417844      /nix/store/gpxl5qgg8kicmcvivwmybwjlpf7wh20l-graalvm17-ce-22.3.0/bin/.java-wrapped
55e136573000-55e136574000 rw-p 00002000 00:1534 4611686019099417844      /nix/store/gpxl5qgg8kicmcvivwmybwjlpf7wh20l-graalvm17-ce-22.3.0/bin/.java-wrapped
55e136574000-55e136575000 rw-p 00004000 00:1534 4611686019099417844      /nix/store/gpxl5qgg8kicmcvivwmybwjlpf7wh20l-graalvm17-ce-22.3.0/bin/.java-wrapped
55e136575000-55e136576000 rw-p 00005000 00:1534 4611686019099417844      /nix/store/gpxl5qgg8kicmcvivwmybwjlpf7wh20l-graalvm17-ce-22.3.0/bin/.java-wrapped
55e137741000-55e137789000 rw-p 00000000 00:00 0                          [heap]
7f0ba8000000-7f0ba8021000 rw-p 00000000 00:00 0 
7f0ba8021000-7f0bac000000 ---p 00000000 00:00 0 
7f0bb0000000-7f0bb0021000 rw-p 00000000 00:00 0 
7f0bb0021000-7f0bb4000000 ---p 00000000 00:00 0 
7f0bb4000000-7f0bb4021000 rw-p 00000000 00:00 0 
7f0bb4021000-7f0bb8000000 ---p 00000000 00:00 0 
7f0bb8000000-7f0bb8021000 rw-p 00000000 00:00 0 
7f0bb8021000-7f0bbc000000 ---p 00000000 00:00 0 
7f0bbc000000-7f0bbc021000 rw-p 00000000 00:00 0 
7f0bbc021000-7f0bc0000000 ---p 00000000 00:00 0 
7f0bc0000000-7f0bc0021000 rw-p 00000000 00:00 0 
7f0bc0021000-7f0bc4000000 ---p 00000000 00:00 0 
7f0bc5c00000-7f0bc5d70000 rw-p 00000000 00:00 0 
7f0bc5d70000-7f0bc5df0000 rw-p 00000000 00:00 0 
7f0bc5df0000-7f0bc6400000 rw-p 00000000 00:00 0 
7f0bc64b3000-7f0bd0000000 r--s 00000000 00:1534 4611686019135192581      /nix/store/gpxl5qgg8kicmcvivwmybwjlpf7wh20l-graalvm17-ce-22.3.0/lib/modules
7f0bd0000000-7f0bd0034000 rw-p 00000000 00:00 0 
7f0bd0034000-7f0bd4000000 ---p 00000000 00:00 0 
7f0bd4000000-7f0bd402d000 rw-p 00000000 00:00 0 
7f0bd402d000-7f0bd8000000 ---p 00000000 00:00 0 
7f0bd8000000-7f0bd8021000 rw-p 00000000 00:00 0 
7f0bd8021000-7f0bdc000000 ---p 00000000 00:00 0 
7f0bdc000000-7f0bdc029000 rw-p 00000000 00:00 0 
7f0bdc029000-7f0be0000000 ---p 00000000 00:00 0 
7f0be0000000-7f0be0021000 rw-p 00000000 00:00 0 
7f0be0021000-7f0be4000000 ---p 00000000 00:00 0 
7f0be4000000-7f0be41ac000 rw-p 00000000 00:00 0 
7f0be41ac000-7f0be8000000 ---p 00000000 00:00 0 
7f0be8000000-7f0be8021000 rw-p 00000000 00:00 0 
7f0be8021000-7f0bec000000 ---p 00000000 00:00 0 
7f0becc00000-7f0becdb0000 rw-p 00000000 00:00 0 
7f0becdb0000-7f0becde0000 rw-p 00000000 00:00 0 
7f0becde0000-7f0bece00000 ---p 00000000 00:00 0 
7f0bece00000-7f0bece50000 rw-p 00000000 00:00 0 
7f0bece50000-7f0bed400000 ---p 00000000 00:00 0 
7f0bed600000-7f0bed700000 ---p 00000000 00:00 0 
7f0bed700000-7f0bedcaf000 r--p 01122000 00:1534 4611686019135190040      /nix/store/gpxl5qgg8kicmcvivwmybwjlpf7wh20l-graalvm17-ce-22.3.0/lib/libjvmcicompiler.so
7f0bedcaf000-7f0bede00000 r--p 00000000 00:00 0 
7f0bede00000-7f0bede3d000 rw-p 00000000 00:00 0 
7f0bede3d000-7f0bee35d000 rw-p 0185f000 00:1534 4611686019135190040      /nix/store/gpxl5qgg8kicmcvivwmybwjlpf7wh20l-graalvm17-ce-22.3.0/lib/libjvmcicompiler.so
7f0bee35d000-7f0bee744000 r--p 01d7f000 00:1534 4611686019135190040      /nix/store/gpxl5qgg8kicmcvivwmybwjlpf7wh20l-graalvm17-ce-22.3.0/lib/libjvmcicompiler.so
7f0bee800000-7f0beeff0000 rw-p 00000000 00:00 0 
7f0beeff0000-7f0bef0f0000 rw-p 00000000 00:00 0 
7f0bef0f0000-7f0bef130000 rw-p 00000000 00:00 0 
7f0bef130000-7f0bef170000 rw-p 00000000 00:00 0 
7f0bef170000-7f0bef4f0000 rw-p 00000000 00:00 0 
7f0bef4f0000-7f0bef5f0000 rw-p 00000000 00:00 0 
7f0bef5f0000-7f0bef7f0000 rw-p 00000000 00:00 0 
7f0bef7f0000-7f0bef8f0000 rw-p 00000000 00:00 0 
7f0bef8f0000-7f0bef9f0000 rw-p 00000000 00:00 0 
7f0bef9f0000-7f0befdb0000 rw-p 00000000 00:00 0 
7f0befdb0000-7f0befef0000 rw-p 00000000 00:00 0 
7f0befef0000-7f0beff30000 rw-p 00000000 00:00 0 
7f0beff30000-7f0beff70000 rw-p 00000000 00:00 0 
7f0beff70000-7f0bf0000000 rw-p 00000000 00:00 0 
7f0bf0000000-7f0bf005d000 rw-p 00000000 00:00 0 
7f0bf005d000-7f0bf4000000 ---p 00000000 00:00 0 
7f0bf4000000-7f0bf411f000 rw-p 00000000 00:00 0 
7f0bf411f000-7f0bf8000000 ---p 00000000 00:00 0 
7f0bf8000000-7f0bf86fb000 rw-p 00000000 00:00 0 
7f0bf86fb000-7f0bfc000000 ---p 00000000 00:00 0 
7f0bfc000000-7f0bfc3e4000 rw-p 00000000 00:00 0 
7f0bfc3e4000-7f0c00000000 ---p 00000000 00:00 0 
7f0c00000000-7f0c00021000 rw-p 00000000 00:00 0 
7f0c00021000-7f0c04000000 ---p 00000000 00:00 0 
7f0c04000000-7f0c04021000 rw-p 00000000 00:00 0 
7f0c04021000-7f0c08000000 ---p 00000000 00:00 0 
7f0c08000000-7f0c08025000 rw-p 00000000 00:00 0 
7f0c08025000-7f0c0c000000 ---p 00000000 00:00 0 
7f0c0c000000-7f0c0c021000 rw-p 00000000 00:00 0 
7f0c0c021000-7f0c10000000 ---p 00000000 00:00 0 
7f0c10000000-7f0c108bb000 rw-p 00000000 00:00 0 
7f0c108bb000-7f0c14000000 ---p 00000000 00:00 0 
7f0c14000000-7f0c1402b000 rw-p 00000000 00:00 0 
7f0c1402b000-7f0c18000000 ---p 00000000 00:00 0 
7f0c18000000-7f0c18021000 rw-p 00000000 00:00 0 
7f0c18021000-7f0c1c000000 ---p 00000000 00:00 0 
7f0c1c000000-7f0c1c021000 rw-p 00000000 00:00 0 
7f0c1c021000-7f0c20000000 ---p 00000000 00:00 0 
7f0c20000000-7f0c20021000 rw-p 00000000 00:00 0 
7f0c20021000-7f0c24000000 ---p 00000000 00:00 0 
7f0c24000000-7f0c24021000 rw-p 00000000 00:00 0 
7f0c24021000-7f0c28000000 ---p 00000000 00:00 0 
7f0c28000000-7f0c28021000 rw-p 00000000 00:00 0 
7f0c28021000-7f0c2c000000 ---p 00000000 00:00 0 
7f0c2c400000-7f0c2c4f0000 rw-p 00000000 00:00 0 
7f0c2c4f0000-7f0c2c5f0000 rw-p 00000000 00:00 0 
7f0c2c5f0000-7f0c2c8f0000 rw-p 00000000 00:00 0 
7f0c2c8f0000-7f0c2c9f0000 rw-p 00000000 00:00 0 
7f0c2c9f0000-7f0c2cc00000 rw-p 00000000 00:00 0 
7f0c2cc00000-7f0c2cc10000 r-xp 00000000 00:1522 366                      /home/runner/.cache/jdt-language-server/config/org.eclipse.equinox.launcher/org.eclipse.equinox.launcher.gtk.linux.x86_64_1.2.400.v20211117-0650/eclipse_11600.so
7f0c2cc10000-7f0c2ce0f000 ---p 00010000 00:1522 366                      /home/runner/.cache/jdt-language-server/config/org.eclipse.equinox.launcher/org.eclipse.equinox.launcher.gtk.linux.x86_64_1.2.400.v20211117-0650/eclipse_11600.so
7f0c2ce0f000-7f0c2ce10000 r--p 0000f000 00:1522 366                      /home/runner/.cache/jdt-language-server/config/org.eclipse.equinox.launcher/org.eclipse.equinox.launcher.gtk.linux.x86_64_1.2.400.v20211117-0650/eclipse_11600.so
7f0c2ce10000-7f0c2ce11000 rw-p 00010000 00:1522 366                      /home/runner/.cache/jdt-language-server/config/org.eclipse.equinox.launcher/org.eclipse.equinox.launcher.gtk.linux.x86_64_1.2.400.v20211117-0650/eclipse_11600.so
7f0c2dcfe000-7f0c2dcff000 ---p 00000000 00:00 0 
7f0c2dcff000-7f0c2de00000 rw-p 00000000 00:00 0 
7f0c2e900000-7f0c2e904000 ---p 00000000 00:00 0 
7f0c2e904000-7f0c2ea00000 rw-p 00000000 00:00 0 
7f0c2ec00000-7f0c2ec04000 ---p 00000000 00:00 0 
7f0c2ec04000-7f0c2ed00000 rw-p 00000000 00:00 0 
7f0c2ed00000-7f0c2ed04000 ---p 00000000 00:00 0 
7f0c2ed04000-7f0c2ee00000 rw-p 00000000 00:00 0 
7f0c2ef00000-7f0c2ef04000 ---p 00000000 00:00 0 
7f0c2ef04000-7f0c2f000000 rw-p 00000000 00:00 0 
7f0c2f100000-7f0c2f104000 ---p 00000000 00:00 0 
7f0c2f104000-7f0c2f200000 rw-p 00000000 00:00 0 
7f0c2f200000-7f0c2f204000 ---p 00000000 00:00 0 
7f0c2f204000-7f0c2f300000 rw-p 00000000 00:00 0 
7f0c2f300000-7f0c2f304000 ---p 00000000 00:00 0 
7f0c2f304000-7f0c2f400000 rw-p 00000000 00:00 0 
7f0c2f400000-7f0c2f404000 ---p 00000000 00:00 0 
7f0c2f404000-7f0c2f500000 rw-p 00000000 00:00 0 
7f0c2f500000-7f0c2f504000 ---p 00000000 00:00 0 
7f0c2f504000-7f0c2f600000 rw-p 00000000 00:00 0 
7f0c2f700000-7f0c2f704000 ---p 00000000 00:00 0 
7f0c2f704000-7f0c2f800000 rw-p 00000000 00:00 0 
7f0c2f900000-7f0c2f904000 ---p 00000000 00:00 0 
7f0c2f904000-7f0c2fa00000 rw-p 00000000 00:00 0 
7f0c2fb00000-7f0c2fb04000 ---p 00000000 00:00 0 
7f0c2fb04000-7f0c2fc00000 rw-p 00000000 00:00 0 
7f0c2fd00000-7f0c2fd04000 ---p 00000000 00:00 0 
7f0c2fd04000-7f0c2fe00000 rw-p 00000000 00:00 0 
7f0c2ff00000-7f0c2ff04000 ---p 00000000 00:00 0 
7f0c2ff04000-7f0c30000000 rw-p 00000000 00:00 0 
7f0c30100000-7f0c30104000 ---p 00000000 00:00 0 
7f0c30104000-7f0c30200000 rw-p 00000000 00:00 0 
7f0c30300000-7f0c30304000 ---p 00000000 00:00 0 
7f0c30304000-7f0c30400000 rw-p 00000000 00:00 0 
7f0c30500000-7f0c30504000 ---p 00000000 00:00 0 
7f0c30504000-7f0c30600000 rw-p 00000000 00:00 0 
7f0c30600000-7f0c30604000 ---p 00000000 00:00 0 
7f0c30604000-7f0c30700000 rw-p 00000000 00:00 0 
7f0c30700000-7f0c30704000 ---p 00000000 00:00 0 
7f0c30704000-7f0c30800000 rw-p 00000000 00:00 0 
7f0c30800000-7f0c30804000 ---p 00000000 00:00 0 
7f0c30804000-7f0c30900000 rw-p 00000000 00:00 0 
7f0c30900000-7f0c30904000 ---p 00000000 00:00 0 
7f0c30904000-7f0c30a00000 rw-p 00000000 00:00 0 
7f0c317a9000-7f0c31b00000 rw-p 00000000 00:00 0 
7f0c31c00000-7f0c33d6a000 r-xp 00000000 00:1534 4611686019135190040      /nix/store/gpxl5qgg8kicmcvivwmybwjlpf7wh20l-graalvm17-ce-22.3.0/lib/libjvmcicompiler.so
7f0c33d6a000-7f0c33f69000 ---p 0216a000 00:1534 4611686019135190040      /nix/store/gpxl5qgg8kicmcvivwmybwjlpf7wh20l-graalvm17-ce-22.3.0/lib/libjvmcicompiler.so
7f0c33f69000-7f0c33f6a000 r--p 02169000 00:1534 4611686019135190040      /nix/store/gpxl5qgg8kicmcvivwmybwjlpf7wh20l-graalvm17-ce-22.3.0/lib/libjvmcicompiler.so
7f0c33f6a000-7f0c33f6c000 rw-p 0216a000 00:1534 4611686019135190040      /nix/store/gpxl5qgg8kicmcvivwmybwjlpf7wh20l-graalvm17-ce-22.3.0/lib/libjvmcicompiler.so
7f0c33f6c000-7f0c33f6d000 rw-p 00000000 00:00 0 
7f0c33f6d000-7f0c33f72000 rw-p 023c3000 00:1534 4611686019135190040      /nix/store/gpxl5qgg8kicmcvivwmybwjlpf7wh20l-graalvm17-ce-22.3.0/lib/libjvmcicompiler.so
7f0c34000000-7f0c34021000 rw-p 00000000 00:00 0 
7f0c34021000-7f0c38000000 ---p 00000000 00:00 0 
7f0c38000000-7f0c38021000 rw-p 00000000 00:00 0 
7f0c38021000-7f0c3c000000 ---p 00000000 00:00 0 
7f0c3c000000-7f0c3c021000 rw-p 00000000 00:00 0 
7f0c3c021000-7f0c40000000 ---p 00000000 00:00 0 
7f0c40000000-7f0c40021000 rw-p 00000000 00:00 0 
7f0c40021000-7f0c44000000 ---p 00000000 00:00 0 
7f0c44000000-7f0c440e6000 rw-p 00000000 00:00 0 
7f0c440e6000-7f0c48000000 ---p 00000000 00:00 0 
7f0c48000000-7f0c48a9e000 rw-p 00000000 00:00 0 
7f0c48a9e000-7f0c4c000000 ---p 00000000 00:00 0 
7f0c4c000000-7f0c4c021000 rw-p 00000000 00:00 0 
7f0c4c021000-7f0c50000000 ---p 00000000 00:00 0 
7f0c50000000-7f0c50021000 rw-p 00000000 00:00 0 
7f0c50021000-7f0c54000000 ---p 00000000 00:00 0 
7f0c54000000-7f0c54021000 rw-p 00000000 00:00 0 
7f0c54021000-7f0c58000000 ---p 00000000 00:00 0 
7f0c58000000-7f0c58021000 rw-p 00000000 00:00 0 
7f0c58021000-7f0c5c000000 ---p 00000000 00:00 0 
7f0c5c000000-7f0c5c027000 rw-p 00000000 00:00 0 
7f0c5c027000-7f0c60000000 ---p 00000000 00:00 0 
7f0c60000000-7f0c60021000 rw-p 00000000 00:00 0 
7f0c60021000-7f0c64000000 ---p 00000000 00:00 0 
7f0c64000000-7f0c6402b000 rw-p 00000000 00:00 0 
7f0c6402b000-7f0c68000000 ---p 00000000 00:00 0 
7f0c68000000-7f0c68004000 ---p 00000000 00:00 0 
7f0c68004000-7f0c68100000 rw-p 00000000 00:00 0 
7f0c68200000-7f0c68204000 ---p 00000000 00:00 0 
7f0c68204000-7f0c68300000 rw-p 00000000 00:00 0 
7f0c68400000-7f0c68404000 ---p 00000000 00:00 0 
7f0c68404000-7f0c68500000 rw-p 00000000 00:00 0 
7f0c68600000-7f0c68604000 ---p 00000000 00:00 0 
7f0c68604000-7f0c68700000 rw-p 00000000 00:00 0 
7f0c68800000-7f0c68804000 ---p 00000000 00:00 0 
7f0c68804000-7f0c68900000 rw-p 00000000 00:00 0 
7f0c68905000-7f0c68a46000 rw-p 00000000 00:00 0 
7f0c68a46000-7f0c68a47000 ---p 00000000 00:00 0 
7f0c68a47000-7f0c68b48000 rw-p 00000000 00:00 0 
7f0c68b48000-7f0c68b4c000 ---p 00000000 00:00 0 
7f0c68b4c000-7f0c68c48000 rw-p 00000000 00:00 0 
7f0c68c48000-7f0c68c4c000 ---p 00000000 00:00 0 
7f0c68c4c000-7f0c68d48000 rw-p 00000000 00:00 0 
7f0c68d48000-7f0c68d4c000 ---p 00000000 00:00 0 
7f0c68d4c000-7f0c68e48000 rw-p 00000000 00:00 0 
7f0c68e48000-7f0c68e4c000 ---p 00000000 00:00 0 
7f0c68e4c000-7f0c69048000 rw-p 00000000 00:00 0 
7f0c69048000-7f0c6904c000 ---p 00000000 00:00 0 
7f0c6904c000-7f0c69248000 rw-p 00000000 00:00 0 
7f0c69248000-7f0c6924c000 ---p 00000000 00:00 0 
7f0c6924c000-7f0c69348000 rw-p 00000000 00:00 0 
7f0c69348000-7f0c6934c000 ---p 00000000 00:00 0 
7f0c6934c000-7f0c69448000 rw-p 00000000 00:00 0 
7f0c69448000-7f0c6944c000 ---p 00000000 00:00 0 
7f0c6944c000-7f0c69548000 rw-p 00000000 00:00 0 
7f0c69548000-7f0c6982e000 r--p 00000000 00:1514 28444448                 /usr/lib/locale/locale-archive
7f0c6982e000-7f0c69832000 ---p 00000000 00:00 0 
7f0c69832000-7f0c6992e000 rw-p 00000000 00:00 0 
7f0c6992e000-7f0c69932000 ---p 00000000 00:00 0 
7f0c69932000-7f0c69a2e000 rw-p 00000000 00:00 0 
7f0c69a2e000-7f0c69a2f000 ---p 00000000 00:00 0 
7f0c69a2f000-7f0c69b30000 rw-p 00000000 00:00 0 
7f0c69b30000-7f0c69bfe000 r-xp 00000000 00:1534 4611686019135190036      /nix/store/gpxl5qgg8kicmcvivwmybwjlpf7wh20l-graalvm17-ce-22.3.0/lib/libjsvml.so
7f0c69bfe000-7f0c69bff000 r--p 000cd000 00:1534 4611686019135190036      /nix/store/gpxl5qgg8kicmcvivwmybwjlpf7wh20l-graalvm17-ce-22.3.0/lib/libjsvml.so
7f0c69bff000-7f0c69c00000 rw-p 000ce000 00:1534 4611686019135190036      /nix/store/gpxl5qgg8kicmcvivwmybwjlpf7wh20l-graalvm17-ce-22.3.0/lib/libjsvml.so
7f0c69c00000-7f0c69ff0000 rw-p 00000000 00:00 0 
7f0c69ff0000-7f0c6a2f0000 rw-p 00000000 00:00 0 
7f0c6a2f0000-7f0c6a400000 rw-p 00000000 00:00 0 
7f0c6a4b3000-7f0c6b4b3000 rw-p 00000000 00:00 0 
7f0c6b4b3000-7f0c6b723000 rwxp 00000000 00:00 0 
7f0c6b723000-7f0c6ba42000 ---p 00000000 00:00 0 
7f0c6ba42000-7f0c6c9e2000 rwxp 00000000 00:00 0 
7f0c6c9e2000-7f0c72f7a000 ---p 00000000 00:00 0 
7f0c72f7a000-7f0c731fa000 rwxp 00000000 00:00 0 
7f0c731fa000-7f0c7a4b3000 ---p 00000000 00:00 0 
7f0c7a4b3000-7f0c84000000 r--s 00000000 00:1534 4611686019135192581      /nix/store/gpxl5qgg8kicmcvivwmybwjlpf7wh20l-graalvm17-ce-22.3.0/lib/modules
7f0c84000000-7f0c84663000 rw-p 00000000 00:00 0 
7f0c84663000-7f0c88000000 ---p 00000000 00:00 0 
7f0c88018000-7f0c8801a000 r-xp 00000000 00:1534 4611686019135190017      /nix/store/gpxl5qgg8kicmcvivwmybwjlpf7wh20l-graalvm17-ce-22.3.0/lib/libextnet.so
7f0c8801a000-7f0c8801b000 r--p 00001000 00:1534 4611686019135190017      /nix/store/gpxl5qgg8kicmcvivwmybwjlpf7wh20l-graalvm17-ce-22.3.0/lib/libextnet.so
7f0c8801b000-7f0c8801c000 rw-p 00002000 00:1534 4611686019135190017      /nix/store/gpxl5qgg8kicmcvivwmybwjlpf7wh20l-graalvm17-ce-22.3.0/lib/libextnet.so
7f0c8801c000-7f0c8801d000 rw-p 00004000 00:1534 4611686019135190017      /nix/store/gpxl5qgg8kicmcvivwmybwjlpf7wh20l-graalvm17-ce-22.3.0/lib/libextnet.so
7f0c8801d000-7f0c88021000 ---p 00000000 00:00 0 
7f0c88021000-7f0c8803f000 rw-p 00000000 00:00 0 
7f0c8803f000-7f0c88046000 r-xp 00000000 00:1534 4611686019135192580      /nix/store/gpxl5qgg8kicmcvivwmybwjlpf7wh20l-graalvm17-ce-22.3.0/lib/libzip.so
7f0c88046000-7f0c88047000 ---p 00007000 00:1534 4611686019135192580      /nix/store/gpxl5qgg8kicmcvivwmybwjlpf7wh20l-graalvm17-ce-22.3.0/lib/libzip.so
7f0c88047000-7f0c88048000 r--p 00007000 00:1534 4611686019135192580      /nix/store/gpxl5qgg8kicmcvivwmybwjlpf7wh20l-graalvm17-ce-22.3.0/lib/libzip.so
7f0c88048000-7f0c88049000 rw-p 00008000 00:1534 4611686019135192580      /nix/store/gpxl5qgg8kicmcvivwmybwjlpf7wh20l-graalvm17-ce-22.3.0/lib/libzip.so
7f0c88049000-7f0c8804b000 rw-p 0000b000 00:1534 4611686019135192580      /nix/store/gpxl5qgg8kicmcvivwmybwjlpf7wh20l-graalvm17-ce-22.3.0/lib/libzip.so
7f0c8804b000-7f0c88060000 r-xp 00000000 00:1534 4611686019135192570      /nix/store/gpxl5qgg8kicmcvivwmybwjlpf7wh20l-graalvm17-ce-22.3.0/lib/libnet.so
7f0c88060000-7f0c88061000 ---p 00015000 00:1534 4611686019135192570      /nix/store/gpxl5qgg8kicmcvivwmybwjlpf7wh20l-graalvm17-ce-22.3.0/lib/libnet.so
7f0c88061000-7f0c88062000 r--p 00015000 00:1534 4611686019135192570      /nix/store/gpxl5qgg8kicmcvivwmybwjlpf7wh20l-graalvm17-ce-22.3.0/lib/libnet.so
7f0c88062000-7f0c88063000 rw-p 00016000 00:1534 4611686019135192570      /nix/store/gpxl5qgg8kicmcvivwmybwjlpf7wh20l-graalvm17-ce-22.3.0/lib/libnet.so
7f0c88063000-7f0c88066000 rw-p 0001b000 00:1534 4611686019135192570      /nix/store/gpxl5qgg8kicmcvivwmybwjlpf7wh20l-graalvm17-ce-22.3.0/lib/libnet.so
7f0c88066000-7f0c88079000 r-xp 00000000 00:1534 4611686019135192571      /nix/store/gpxl5qgg8kicmcvivwmybwjlpf7wh20l-graalvm17-ce-22.3.0/lib/libnio.so
7f0c88079000-7f0c8807a000 r--p 00012000 00:1534 4611686019135192571      /nix/store/gpxl5qgg8kicmcvivwmybwjlpf7wh20l-graalvm17-ce-22.3.0/lib/libnio.so
7f0c8807a000-7f0c8807b000 rw-p 00013000 00:1534 4611686019135192571      /nix/store/gpxl5qgg8kicmcvivwmybwjlpf7wh20l-graalvm17-ce-22.3.0/lib/libnio.so
7f0c8807b000-7f0c88080000 rw-p 00019000 00:1534 4611686019135192571      /nix/store/gpxl5qgg8kicmcvivwmybwjlpf7wh20l-graalvm17-ce-22.3.0/lib/libnio.so
7f0c88080000-7f0c88c5b000 rw-p 00000000 00:00 0 
7f0c88c5b000-7f0c88c5c000 ---p 00000000 00:00 0 
7f0c88c5c000-7f0c88dde000 rw-p 00000000 00:00 0 
7f0c88dde000-7f0c88e3d000 rw-p 00000000 00:00 0 
7f0c88e3d000-7f0c88e5d000 ---p 00000000 00:00 0 
7f0c88e5d000-7f0c88e63000 rw-p 00000000 00:00 0 
7f0c88e63000-7f0c88f49000 ---p 00000000 00:00 0 
7f0c88f49000-7f0c88f69000 rw-p 00000000 00:00 0 
7f0c88f69000-7f0c89034000 ---p 00000000 00:00 0 
7f0c89034000-7f0c89039000 rw-p 00000000 00:00 0 
7f0c89039000-7f0c89040000 ---p 00000000 00:00 0 
7f0c89040000-7f0c89064000 r-xp 00000000 00:1534 4611686019135190028      /nix/store/gpxl5qgg8kicmcvivwmybwjlpf7wh20l-graalvm17-ce-22.3.0/lib/libjava.so
7f0c89064000-7f0c89065000 ---p 00024000 00:1534 4611686019135190028      /nix/store/gpxl5qgg8kicmcvivwmybwjlpf7wh20l-graalvm17-ce-22.3.0/lib/libjava.so
7f0c89065000-7f0c89066000 r--p 00024000 00:1534 4611686019135190028      /nix/store/gpxl5qgg8kicmcvivwmybwjlpf7wh20l-graalvm17-ce-22.3.0/lib/libjava.so
7f0c89066000-7f0c89067000 rw-p 00025000 00:1534 4611686019135190028      /nix/store/gpxl5qgg8kicmcvivwmybwjlpf7wh20l-graalvm17-ce-22.3.0/lib/libjava.so
7f0c89067000-7f0c89068000 rw-p 00000000 00:00 0 
7f0c89068000-7f0c8906f000 rw-p 0002f000 00:1534 4611686019135190028      /nix/store/gpxl5qgg8kicmcvivwmybwjlpf7wh20l-graalvm17-ce-22.3.0/lib/libjava.so
7f0c8906f000-7f0c89077000 rw-s 00000000 00:1511 363                      /tmp/hsperfdata_runner/21
7f0c89077000-7f0c89078000 ---p 00000000 00:00 0 
7f0c89078000-7f0c89079000 r--p 00000000 00:00 0 
7f0c89079000-7f0c8907a000 rwxp 00000000 00:00 0 
7f0c8907a000-7f0c89095000 r-xp 00000000 00:1534 4611686019135190032      /nix/store/gpxl5qgg8kicmcvivwmybwjlpf7wh20l-graalvm17-ce-22.3.0/lib/libjimage.so
7f0c89095000-7f0c89096000 ---p 0001b000 00:1534 4611686019135190032      /nix/store/gpxl5qgg8kicmcvivwmybwjlpf7wh20l-graalvm17-ce-22.3.0/lib/libjimage.so
7f0c89096000-7f0c89098000 r--p 0001b000 00:1534 4611686019135190032      /nix/store/gpxl5qgg8kicmcvivwmybwjlpf7wh20l-graalvm17-ce-22.3.0/lib/libjimage.so
7f0c89098000-7f0c89099000 rw-p 0001d000 00:1534 4611686019135190032      /nix/store/gpxl5qgg8kicmcvivwmybwjlpf7wh20l-graalvm17-ce-22.3.0/lib/libjimage.so
7f0c89099000-7f0c8909a000 rw-p 00024000 00:1534 4611686019135190032      /nix/store/gpxl5qgg8kicmcvivwmybwjlpf7wh20l-graalvm17-ce-22.3.0/lib/libjimage.so
7f0c8909a000-7f0c8909e000 ---p 00000000 00:00 0 
7f0c8909e000-7f0c8919a000 rw-p 00000000 00:00 0 
7f0c8919a000-7f0c891a8000 r--p 00000000 00:1534 4611686019027979927      /nix/store/4nlgxhb09sdr51nc9hdm8az5b08vzkgx-glibc-2.35-163/lib/libm.so.6
7f0c891a8000-7f0c8921b000 r-xp 0000e000 00:1534 4611686019027979927      /nix/store/4nlgxhb09sdr51nc9hdm8az5b08vzkgx-glibc-2.35-163/lib/libm.so.6
7f0c8921b000-7f0c89278000 r--p 00081000 00:1534 4611686019027979927      /nix/store/4nlgxhb09sdr51nc9hdm8az5b08vzkgx-glibc-2.35-163/lib/libm.so.6
7f0c89278000-7f0c89279000 r--p 000dd000 00:1534 4611686019027979927      /nix/store/4nlgxhb09sdr51nc9hdm8az5b08vzkgx-glibc-2.35-163/lib/libm.so.6
7f0c89279000-7f0c8927a000 rw-p 000de000 00:1534 4611686019027979927      /nix/store/4nlgxhb09sdr51nc9hdm8az5b08vzkgx-glibc-2.35-163/lib/libm.so.6
7f0c8927a000-7f0c8927b000 r--p 00000000 00:1534 4611686019027979946      /nix/store/4nlgxhb09sdr51nc9hdm8az5b08vzkgx-glibc-2.35-163/lib/librt.so.1
7f0c8927b000-7f0c8927c000 r-xp 00001000 00:1534 4611686019027979946      /nix/store/4nlgxhb09sdr51nc9hdm8az5b08vzkgx-glibc-2.35-163/lib/librt.so.1
7f0c8927c000-7f0c8927d000 r--p 00002000 00:1534 4611686019027979946      /nix/store/4nlgxhb09sdr51nc9hdm8az5b08vzkgx-glibc-2.35-163/lib/librt.so.1
7f0c8927d000-7f0c8927e000 r--p 00002000 00:1534 4611686019027979946      /nix/store/4nlgxhb09sdr51nc9hdm8az5b08vzkgx-glibc-2.35-163/lib/librt.so.1
7f0c8927e000-7f0c8927f000 rw-p 00003000 00:1534 4611686019027979946      /nix/store/4nlgxhb09sdr51nc9hdm8az5b08vzkgx-glibc-2.35-163/lib/librt.so.1
7f0c8927f000-7f0c8a392000 r-xp 00000000 00:1534 4611686019135360866      /nix/store/gpxl5qgg8kicmcvivwmybwjlpf7wh20l-graalvm17-ce-22.3.0/lib/server/libjvm.so
7f0c8a392000-7f0c8a393000 ---p 01113000 00:1534 4611686019135360866      /nix/store/gpxl5qgg8kicmcvivwmybwjlpf7wh20l-graalvm17-ce-22.3.0/lib/server/libjvm.so
7f0c8a393000-7f0c8a448000 r--p 01113000 00:1534 4611686019135360866      /nix/store/gpxl5qgg8kicmcvivwmybwjlpf7wh20l-graalvm17-ce-22.3.0/lib/server/libjvm.so
7f0c8a448000-7f0c8a47c000 rw-p 011c8000 00:1534 4611686019135360866      /nix/store/gpxl5qgg8kicmcvivwmybwjlpf7wh20l-graalvm17-ce-22.3.0/lib/server/libjvm.so
7f0c8a47c000-7f0c8a4d8000 rw-p 00000000 00:00 0 
7f0c8a4d8000-7f0c8a500000 r--p 00000000 00:1534 4611686019027979918      /nix/store/4nlgxhb09sdr51nc9hdm8az5b08vzkgx-glibc-2.35-163/lib/libc.so.6
7f0c8a500000-7f0c8a676000 r-xp 00028000 00:1534 4611686019027979918      /nix/store/4nlgxhb09sdr51nc9hdm8az5b08vzkgx-glibc-2.35-163/lib/libc.so.6
7f0c8a676000-7f0c8a6ce000 r--p 0019e000 00:1534 4611686019027979918      /nix/store/4nlgxhb09sdr51nc9hdm8az5b08vzkgx-glibc-2.35-163/lib/libc.so.6
7f0c8a6ce000-7f0c8a6d2000 r--p 001f6000 00:1534 4611686019027979918      /nix/store/4nlgxhb09sdr51nc9hdm8az5b08vzkgx-glibc-2.35-163/lib/libc.so.6
7f0c8a6d2000-7f0c8a6d4000 rw-p 001fa000 00:1534 4611686019027979918      /nix/store/4nlgxhb09sdr51nc9hdm8az5b08vzkgx-glibc-2.35-163/lib/libc.so.6
7f0c8a6d4000-7f0c8a6e3000 rw-p 00000000 00:00 0 
7f0c8a6e3000-7f0c8a6e4000 r--p 00000000 00:1534 4611686019027979923      /nix/store/4nlgxhb09sdr51nc9hdm8az5b08vzkgx-glibc-2.35-163/lib/libdl.so.2
7f0c8a6e4000-7f0c8a6e5000 r-xp 00001000 00:1534 4611686019027979923      /nix/store/4nlgxhb09sdr51nc9hdm8az5b08vzkgx-glibc-2.35-163/lib/libdl.so.2
7f0c8a6e5000-7f0c8a6e6000 r--p 00002000 00:1534 4611686019027979923      /nix/store/4nlgxhb09sdr51nc9hdm8az5b08vzkgx-glibc-2.35-163/lib/libdl.so.2
7f0c8a6e6000-7f0c8a6e7000 r--p 00002000 00:1534 4611686019027979923      /nix/store/4nlgxhb09sdr51nc9hdm8az5b08vzkgx-glibc-2.35-163/lib/libdl.so.2
7f0c8a6e7000-7f0c8a6e8000 rw-p 00003000 00:1534 4611686019027979923      /nix/store/4nlgxhb09sdr51nc9hdm8az5b08vzkgx-glibc-2.35-163/lib/libdl.so.2
7f0c8a6e8000-7f0c8a6e9000 r--p 00000000 00:1534 4611686019027979942      /nix/store/4nlgxhb09sdr51nc9hdm8az5b08vzkgx-glibc-2.35-163/lib/libpthread.so.0
7f0c8a6e9000-7f0c8a6ea000 r-xp 00001000 00:1534 4611686019027979942      /nix/store/4nlgxhb09sdr51nc9hdm8az5b08vzkgx-glibc-2.35-163/lib/libpthread.so.0
7f0c8a6ea000-7f0c8a6eb000 r--p 00002000 00:1534 4611686019027979942      /nix/store/4nlgxhb09sdr51nc9hdm8az5b08vzkgx-glibc-2.35-163/lib/libpthread.so.0
7f0c8a6eb000-7f0c8a6ec000 r--p 00002000 00:1534 4611686019027979942      /nix/store/4nlgxhb09sdr51nc9hdm8az5b08vzkgx-glibc-2.35-163/lib/libpthread.so.0
7f0c8a6ec000-7f0c8a6ed000 rw-p 00003000 00:1534 4611686019027979942      /nix/store/4nlgxhb09sdr51nc9hdm8az5b08vzkgx-glibc-2.35-163/lib/libpthread.so.0
7f0c8a6ed000-7f0c8a6fb000 r-xp 00000000 00:1534 4611686019135190033      /nix/store/gpxl5qgg8kicmcvivwmybwjlpf7wh20l-graalvm17-ce-22.3.0/lib/libjli.so
7f0c8a6fb000-7f0c8a6fc000 ---p 0000e000 00:1534 4611686019135190033      /nix/store/gpxl5qgg8kicmcvivwmybwjlpf7wh20l-graalvm17-ce-22.3.0/lib/libjli.so
7f0c8a6fc000-7f0c8a6fd000 r--p 0000e000 00:1534 4611686019135190033      /nix/store/gpxl5qgg8kicmcvivwmybwjlpf7wh20l-graalvm17-ce-22.3.0/lib/libjli.so
7f0c8a6fd000-7f0c8a6fe000 rw-p 0000f000 00:1534 4611686019135190033      /nix/store/gpxl5qgg8kicmcvivwmybwjlpf7wh20l-graalvm17-ce-22.3.0/lib/libjli.so
7f0c8a6fe000-7f0c8a6ff000 rw-p 00012000 00:1534 4611686019135190033      /nix/store/gpxl5qgg8kicmcvivwmybwjlpf7wh20l-graalvm17-ce-22.3.0/lib/libjli.so
7f0c8a6ff000-7f0c8a702000 r--p 00000000 00:1534 4611686019106210071      /nix/store/026hln0aq1hyshaxsdvhg0kmcm6yf45r-zlib-1.2.13/lib/libz.so.1.2.13
7f0c8a702000-7f0c8a714000 r-xp 00003000 00:1534 4611686019106210071      /nix/store/026hln0aq1hyshaxsdvhg0kmcm6yf45r-zlib-1.2.13/lib/libz.so.1.2.13
7f0c8a714000-7f0c8a71b000 r--p 00015000 00:1534 4611686019106210071      /nix/store/026hln0aq1hyshaxsdvhg0kmcm6yf45r-zlib-1.2.13/lib/libz.so.1.2.13
7f0c8a71b000-7f0c8a71c000 r--p 0001b000 00:1534 4611686019106210071      /nix/store/026hln0aq1hyshaxsdvhg0kmcm6yf45r-zlib-1.2.13/lib/libz.so.1.2.13
7f0c8a71c000-7f0c8a71d000 rw-p 0001c000 00:1534 4611686019106210071      /nix/store/026hln0aq1hyshaxsdvhg0kmcm6yf45r-zlib-1.2.13/lib/libz.so.1.2.13
7f0c8a71d000-7f0c8a71f000 rw-p 00000000 00:00 0 
7f0c8a71f000-7f0c8a721000 r--p 00000000 00:1534 4611686019027979912      /nix/store/4nlgxhb09sdr51nc9hdm8az5b08vzkgx-glibc-2.35-163/lib/ld-linux-x86-64.so.2
7f0c8a721000-7f0c8a748000 r-xp 00002000 00:1534 4611686019027979912      /nix/store/4nlgxhb09sdr51nc9hdm8az5b08vzkgx-glibc-2.35-163/lib/ld-linux-x86-64.so.2
7f0c8a748000-7f0c8a754000 r--p 00029000 00:1534 4611686019027979912      /nix/store/4nlgxhb09sdr51nc9hdm8az5b08vzkgx-glibc-2.35-163/lib/ld-linux-x86-64.so.2
7f0c8a754000-7f0c8a756000 r--p 00034000 00:1534 4611686019027979912      /nix/store/4nlgxhb09sdr51nc9hdm8az5b08vzkgx-glibc-2.35-163/lib/ld-linux-x86-64.so.2
7f0c8a756000-7f0c8a758000 rw-p 00036000 00:1534 4611686019027979912      /nix/store/4nlgxhb09sdr51nc9hdm8az5b08vzkgx-glibc-2.35-163/lib/ld-linux-x86-64.so.2
7ffd9a74e000-7ffd9a772000 rw-p 00000000 00:00 0                          [stack]
7ffd9a790000-7ffd9a794000 r--p 00000000 00:00 0                          [vvar]
7ffd9a794000-7ffd9a796000 r-xp 00000000 00:00 0                          [vdso]
ffffffffff600000-ffffffffff601000 --xp 00000000 00:00 0                  [vsyscall]


VM Arguments:
jvm_args: -XX:ThreadPriorityPolicy=1 -XX:+UnlockExperimentalVMOptions -XX:+EnableJVMCIProduct -XX:JVMCIThreadsPerNativeLibraryRuntime=1 -XX:-UnlockExperimentalVMOptions -Declipse.application=org.eclipse.jdt.ls.core.id1 -Dosgi.bundles.defaultStartLevel=4 -Declipse.product=org.eclipse.jdt.ls.core.product -Dlog.level=ALL -Xverify:none -XX:+UseParallelGC -XX:GCTimeRatio=4 -XX:AdaptiveSizePolicyWeight=90 -Dsun.zip.disableMemoryMapping=true -Xmx512m -Xms100m 
java_command: /nix/store/a7s9klvriqi68xz3qjc0qyfl5h86xc16-jdt-language-server-1.9.0/share/java/plugins/org.eclipse.equinox.launcher_1.6.400.v20210924-0641.jar --add-modules=ALL-SYSTEM --add-opens java.base/java.util=ALL-UNNAMED --add-opens java.base/java.lang=ALL-UNNAMED -configuration /home/runner/.cache/jdt-language-server/config -data /home/runner/.cache/jdt-language-server/data/home/runner/Lab-8-Arrays-1-COSC131
java_class_path (initial): /nix/store/a7s9klvriqi68xz3qjc0qyfl5h86xc16-jdt-language-server-1.9.0/share/java/plugins/org.eclipse.equinox.launcher_1.6.400.v20210924-0641.jar
Launcher Type: SUN_STANDARD

[Global flags]
    uintx AdaptiveSizePolicyWeight                 = 90                                        {product} {command line}
     intx CICompilerCount                          = 2                                         {product} {ergonomic}
     bool EnableJVMCIProduct                       = true                                {JVMCI product} {jimage}
    uintx GCTimeRatio                              = 4                                         {product} {command line}
   size_t InitialHeapSize                          = 104857600                                 {product} {command line}
     uint JVMCIThreadsPerNativeLibraryRuntime      = 1                                   {JVMCI product} {jimage}
   size_t MaxHeapSize                              = 536870912                                 {product} {command line}
   size_t MaxNewSize                               = 178782208                                 {product} {ergonomic}
   size_t MinHeapDeltaBytes                        = 524288                                    {product} {ergonomic}
   size_t MinHeapSize                              = 104857600                                 {product} {command line}
   size_t NewSize                                  = 34603008                                  {product} {ergonomic}
    uintx NonNMethodCodeHeapSize                   = 5826188                                {pd product} {ergonomic}
    uintx NonProfiledCodeHeapSize                  = 122916026                              {pd product} {ergonomic}
   size_t OldSize                                  = 70254592                                  {product} {ergonomic}
    uintx ProfiledCodeHeapSize                     = 122916026                              {pd product} {ergonomic}
    uintx ReservedCodeCacheSize                    = 251658240                              {pd product} {ergonomic}
     bool SegmentedCodeCache                       = true                                      {product} {ergonomic}
   size_t SoftMaxHeapSize                          = 536870912                              {manageable} {ergonomic}
     intx ThreadPriorityPolicy                     = 1                                         {product} {jimage}
     bool UseCompressedClassPointers               = true                           {product lp64_product} {ergonomic}
     bool UseCompressedOops                        = true                           {product lp64_product} {ergonomic}
     bool UseParallelGC                            = true                                      {product} {command line}

Logging:
Log output configuration:
 #0: stdout all=warning uptime,level,tags
 #1: stderr all=off uptime,level,tags

Environment Variables:
JAVA_HOME=/nix/store/gpxl5qgg8kicmcvivwmybwjlpf7wh20l-graalvm17-ce-22.3.0
PATH=/nix/store/1d6ian3r8kdzspw8hacjhl3xkp40g1lj-binutils-wrapper-2.39/bin:/nix/store/dq0xwmsk1g0i2ayg6pb7y87na2knzylh-gcc-wrapper-11.3.0/bin:/nix/store/bap4d0lpcrhpwmpb8ayjcgkmvfj62lnq-bash-interactive-5.1-p16/bin:/nix/store/pr5n59mb4jzmfx6kanwxly0l07p861fg-patchelf-0.15.0/bin:/nix/store/1gf2flfqnpqbr1b4p4qz2f72y42bs56r-gcc-11.3.0/bin:/nix/store/57xv61c5zi8pphjbcwxxjlgc34p61ic9-glibc-2.35-163-bin/bin:/nix/store/a7gvj343m05j2s32xcnwr35v31ynlypr-coreutils-9.1/bin:/nix/store/039g378vc3pc3dvi9dzdlrd0i4q93qwf-binutils-2.39/bin:/nix/store/gpxl5qgg8kicmcvivwmybwjlpf7wh20l-graalvm17-ce-22.3.0/bin:/nix/store/6z9ag3ihc8mq2hzsw48lhbznvzny65nz-apache-maven-3.8.6/bin:/nix/store/a7s9klvriqi68xz3qjc0qyfl5h86xc16-jdt-language-server-1.9.0/bin:/nix/store/48ifl2w60a3zp7yskbpnvn8jp9jdsb7k-java-debug/bin:/nix/store/mydc6f4k2z73xlcz7ilif3v2lcaiqvza-findutils-4.9.0/bin:/nix/store/j9p3g8472iijd50vhdprx0nmk2fqn5gv-diffutils-3.8/bin:/nix/store/89zs7rms6x00xfq4dq6m7mjnhkr8a6r4-gnused-4.8/bin:/nix/store/86bp03jkmsl6f92w0yzg4s59g5mhxwmy-gnugrep-3.7/bin:/nix/store/hwcdqw4jrjnd37wxqgsd47hd0j8bnj09-gawk-5.1.1/bin:/nix/store/cfbhw8r8ags41vwqaz47r583d0p4h4a1-gnutar-1.34/bin:/nix/store/p3m1ndl1lapwrlh698bnb5lvvxh67378-gzip-1.12/bin:/nix/store/a8mhcagrsly7c7mpjrpsnaahk4aax056-bzip2-1.0.8-bin/bin:/nix/store/mblgz65m3zv9x548a3d5m96fj2pbwr09-gnumake-4.3/bin:/nix/store/dsd5gz46hdbdk2rfdimqddhq6m8m8fqs-bash-5.1-p16/bin:/nix/store/v7ljksji50mg3w61dykaa3n3y79n6nil-patch-2.7.6/bin:/nix/store/zlcnmqq14jz5x9439jf937mvayyl63da-xz-5.2.7-bin/bin:/nix/store/y6aj732zm9m87c82fpvf103a1xb22blp-file-5.43/bin:/nix/store/i4kzir3m7mrisxmf5xvlnkw01x4qaqr4-prybar-elisp-0.0.0-e0d9a52/bin:/nix/store/lwwivxf6h7x3cvxp9zv8sj0mv7dak99r-prybar-lua-0.0.0-e0d9a52/bin:/nix/store/gxj28g1cg4hq3qanmjv07156h800qr58-prybar-python3-0.0.0-e0d9a52/bin:/nix/store/hshkjnxrgidigf8x75vg6lqng2xlx9i3-prybar-sqlite-0.0.0-e0d9a52/bin:/nix/store/c4w01bpjgyy5ixmwdk8m1pw87zq4sl26-prybar-tcl-0.0.0-e0d9a52/bin:/nix/store/hpbvrlwd5viqmvcaisb3x0118i913a9n-st
LD_LIBRARY_PATH=/nix/store/a4pff549sk2idnkpzk5nsfps3mdkdnvm-cups-2.4.2-lib/lib:/nix/store/72mqxxhh3cy5yifh92wh2yb8cl2hikyy-cairo-1.16.0/lib:/nix/store/2k366jrbsra97gjfxwvrhvixjfxdach5-glib-2.74.1/lib:/nix/store/2j2znigd8ak37rlwh9khz0ry3clqlw1l-gtk+3-3.24.34/lib:/nix/store/hisqvx32cd57apbpcsnkpx6k3549wql1-libglvnd-1.4.0/lib:/nix/store/p36pgcv991mq5srvg765b78yqpxvk3qs-mesa-21.3.3-drivers/lib:/nix/store/mav4251if1ahjq5vkpwycyyvnmy459c4-pulseaudio-14.2/lib
DISPLAY=:0
LANG=en_US.UTF-8

Signal Handlers:
   SIGSEGV: crash_handler in libjvm.so, mask=11100100010111111101111111111110, flags=SA_RESTART|SA_SIGINFO
    SIGBUS: crash_handler in libjvm.so, mask=11100100010111111101111111111110, flags=SA_RESTART|SA_SIGINFO
    SIGFPE: crash_handler in libjvm.so, mask=11100100010111111101111111111110, flags=SA_RESTART|SA_SIGINFO
   SIGPIPE: IsolateEnterStub_IgnoreSIGPIPEStartupHook_noopSignalHandler_8f19bff2f35b5f630d83b364d6b2339320d4ec70_216e8361c6bc87a8f89f58cc10d3b2fd4415bf87 in libjvmcicompiler.so, mask=00000000000000000000000000000000, flags=SA_RESTART
  *** Handler was modified!
  *** Expected: javaSignalHandler in libjvm.so, mask=11100100110111111111111111111110, flags=SA_RESTART|SA_SIGINFO
   SIGXFSZ: javaSignalHandler in libjvm.so, mask=11100100010111111101111111111110, flags=SA_RESTART|SA_SIGINFO
    SIGILL: crash_handler in libjvm.so, mask=11100100010111111101111111111110, flags=SA_RESTART|SA_SIGINFO
   SIGUSR2: SR_handler in libjvm.so, mask=00000000000000000000000000000000, flags=SA_RESTART|SA_SIGINFO
    SIGHUP: UserHandler in libjvm.so, mask=11100100010111111101111111111110, flags=SA_RESTART|SA_SIGINFO
    SIGINT: UserHandler in libjvm.so, mask=11100100010111111101111111111110, flags=SA_RESTART|SA_SIGINFO
   SIGTERM: UserHandler in libjvm.so, mask=11100100010111111101111111111110, flags=SA_RESTART|SA_SIGINFO
   SIGQUIT: UserHandler in libjvm.so, mask=11100100010111111101111111111110, flags=SA_RESTART|SA_SIGINFO
  *** Handler was modified!
  *** Expected: javaSignalHandler in libjvm.so, mask=11100100110111111111111111111110, flags=SA_RESTART|SA_SIGINFO
   SIGTRAP: crash_handler in libjvm.so, mask=11100100010111111101111111111110, flags=SA_RESTART|SA_SIGINFO


---------------  S Y S T E M  ---------------

OS:
DISTRIB_ID=Ubuntu
DISTRIB_RELEASE=20.04
DISTRIB_CODENAME=focal
DISTRIB_DESCRIPTION="Ubuntu 20.04.2 LTS"
uname: Linux 6.2.0-1014-gcp #14~22.04.1-Ubuntu SMP Mon Sep 11 07:44:43 UTC 2023 x86_64
OS uptime: 0 days 9:06 hours
libc: glibc 2.35 NPTL 2.35 
rlimit (soft/hard): STACK 8192k/infinity , CORE infinity/infinity , NPROC infinity/infinity , NOFILE 20971/20971 , AS infinity/infinity , CPU infinity/infinity , DATA infinity/infinity , FSIZE infinity/infinity , MEMLOCK 8192k/8192k
load average: 6.96 7.11 6.45

/proc/meminfo:
MemTotal:       65833884 kB
MemFree:        34335084 kB
MemAvailable:   43569652 kB
Buffers:          756648 kB
Cached:          8208248 kB
SwapCached:            0 kB
Active:          5820320 kB
Inactive:       23363844 kB
Active(anon):      11908 kB
Inactive(anon): 20201364 kB
Active(file):    5808412 kB
Inactive(file):  3162480 kB
Unevictable:       28744 kB
Mlocked:           28744 kB
SwapTotal:             0 kB
SwapFree:              0 kB
Zswap:                 0 kB
Zswapped:              0 kB
Dirty:              4848 kB
Writeback:            28 kB
AnonPages:      19608556 kB
Mapped:          1380424 kB
Shmem:             20716 kB
KReclaimable:     990120 kB
Slab:            1533980 kB
SReclaimable:     990120 kB
SUnreclaim:       543860 kB
KernelStack:      160952 kB
PageTables:       180204 kB
SecPageTables:         0 kB
NFS_Unstable:          0 kB
Bounce:                0 kB
WritebackTmp:          0 kB
CommitLimit:    32916940 kB
Committed_AS:   67829632 kB
VmallocTotal:   34359738367 kB
VmallocUsed:      192132 kB
VmallocChunk:          0 kB
Percpu:            56064 kB
HardwareCorrupted:     0 kB
AnonHugePages:   2660352 kB
ShmemHugePages:        0 kB
ShmemPmdMapped:        0 kB
FileHugePages:         0 kB
FilePmdMapped:         0 kB
HugePages_Total:       0
HugePages_Free:        0
HugePages_Rsvd:        0
HugePages_Surp:        0
Hugepagesize:       2048 kB
Hugetlb:               0 kB
DirectMap4k:      353080 kB
DirectMap2M:    18518016 kB
DirectMap1G:    50331648 kB

/sys/kernel/mm/transparent_hugepage/enabled: always [madvise] never
/sys/kernel/mm/transparent_hugepage/defrag (defrag/compaction efforts parameter): always defer defer+madvise [madvise] never

Process Memory:
Virtual Size: 5124752K (peak: 5209936K)
Resident Set Size: 807176K (peak: 841136K) (anon: 610544K, file: 196632K, shmem: 0K)
Swapped out: 0K
C-Heap outstanding allocations: 45796K, retained: 15511K
glibc malloc tunables: (default)

/proc/sys/kernel/threads-max (system-wide limit on the number of threads): 514261
/proc/sys/vm/max_map_count (maximum number of memory map areas a process may have): 65530
/proc/sys/kernel/pid_max (system-wide limit on number of process identifiers): 4194304

container (cgroup) information:
container_type: cgroupv2
cpu_cpuset_cpus: not supported
cpu_memory_nodes: not supported
active_processor_count: 2
cpu_quota: 200000
cpu_period: 100000
cpu_shares: no shares
memory_limit_in_bytes: 3292528 k
memory_and_swap_limit_in_bytes: unlimited
memory_soft_limit_in_bytes: 2097152 k
memory_usage_in_bytes: 707108 k
memory_max_usage_in_bytes: not supported
maximum number of tasks: not supported
current number of tasks: not supported

KVM virtualization detected
Steal ticks since vm start: 275
Steal ticks percentage since vm start:  0.002

CPU: total 16 (initial active 2) (8 cores per cpu, 2 threads per core) family 6 model 79 stepping 0 microcode 0xffffffff, cx8, cmov, fxsr, ht, mmx, 3dnowpref, sse, sse2, sse3, ssse3, sse4.1, sse4.2, popcnt, lzcnt, tsc, tscinvbit, avx, avx2, aes, erms, clmul, bmi1, bmi2, rtm, adx, fma, vzeroupper, clflush, hv
CPU Model and flags from /proc/cpuinfo:
model name	: Intel(R) Xeon(R) CPU @ 2.20GHz
flags		: fpu vme de pse tsc msr pae mce cx8 apic sep mtrr pge mca cmov pat pse36 clflush mmx fxsr sse sse2 ss ht syscall nx pdpe1gb rdtscp lm constant_tsc rep_good nopl xtopology nonstop_tsc cpuid tsc_known_freq pni pclmulqdq ssse3 fma cx16 pcid sse4_1 sse4_2 x2apic movbe popcnt aes xsave avx f16c rdrand hypervisor lahf_lm abm 3dnowprefetch invpcid_single pti ssbd ibrs ibpb stibp fsgsbase tsc_adjust bmi1 hle avx2 smep bmi2 erms invpcid rtm rdseed adx smap xsaveopt arat md_clear arch_capabilities

Online cpus: 0-15
Offline cpus: 
BIOS frequency limitation: <Not Available>
Frequency switch latency (ns): <Not Available>
Available cpu frequencies: <Not Available>
Current governor: <Not Available>
Core performance/turbo boost: <Not Available>

Memory: 4k page, physical 3292528k(2585412k free), swap 0k(0k free)
Page Sizes: 4k

vm_info: OpenJDK 64-Bit Server VM (17.0.5+8-jvmci-22.3-b08) for linux-amd64 JRE (17.0.5+8-jvmci-22.3-b08), built on Oct 19 2022 09:01:27 by "buildslave" with gcc 10.3.0

END.
